[2024-02-15 12:11:40,958][hannah.utils.utils][INFO] - Environment info:
[2024-02-15 12:11:40,958][hannah.utils.utils][INFO] -   Number of GPUs: 2
[2024-02-15 12:11:40,958][hannah.utils.utils][INFO] -   CUDA version: 12.1
[2024-02-15 12:11:40,958][hannah.utils.utils][INFO] -   CUDNN version: 8907
[2024-02-15 12:11:40,958][hannah.utils.utils][INFO] -   Kernel: 4.18.0-513.11.1.el8_9.x86_64
[2024-02-15 12:11:40,958][hannah.utils.utils][INFO] -   Python: 3.11.5 (main, Nov 15 2023, 03:52:27) [GCC 8.5.0 20210514 (Red Hat 8.5.0-20)]
[2024-02-15 12:11:40,958][hannah.utils.utils][INFO] -   PyTorch: 2.1.2+cu121
[2024-02-15 12:11:40,958][hannah.utils.utils][INFO] -   Pytorch Lightning: 2.1.3
[2024-02-15 12:11:40,958][hannah.utils.utils][INFO] -   Numpy: 1.23.5
[2024-02-15 12:11:40,958][hannah.utils.utils][INFO] -   Hannah version info:
[2024-02-15 12:11:40,958][hannah.utils.utils][INFO] -     Cannot find a Git repository.  You probably downloaded an archive
[2024-02-15 12:11:40,958][hannah.utils.utils][INFO] -   Command line: /local/gerum/.cache/pypoetry/virtualenvs/hannah-8Yp6PnCx-py3.11/bin/hannah-train +experiment=sweep_lr
[2024-02-15 12:11:40,958][hannah.utils.utils][INFO] -   
[2024-02-15 12:11:40,958][lightning.fabric.utilities.seed][INFO] - Seed set to 1234
[2024-02-15 12:11:40,959][root][INFO] - Configuration: 
[2024-02-15 12:11:40,962][root][INFO] - dataset:
  data_folder: ${hydra:runtime.cwd}/datasets/
  cls: hannah.datasets.vision.Cifar10Dataset
  dataset: cifar10
  val_percent: 0.1
features:
  _target_: torch.nn.Identity
model:
  _target_: hannah.models.kakao_resnet.resnet8
  name: kakao_resnet8
  width_multiplier: 1.0
  input_kernel: 3
  input_stride: 1
scheduler:
  _target_: torch.optim.lr_scheduler.OneCycleLR
  max_lr: 0.1
  pct_start: 0.3
  anneal_strategy: cos
  cycle_momentum: true
  base_momentum: 0.85
  max_momentum: 0.95
  div_factor: 25.0
  final_div_factor: 10000.0
  last_epoch: -1
optimizer:
  _target_: torch.optim.sgd.SGD
  lr: 0.3
  momentum: 0.9
  dampening: 0
  weight_decay: 0.0005
  nesterov: false
module:
  _target_: hannah.modules.vision.ImageClassifierModule
  num_workers: 0
  batch_size: 2048
  shuffle_all_dataloaders: false
trainer:
  _target_: pytorch_lightning.trainer.Trainer
  accelerator: auto
  devices: 1
  limit_train_batches: 1.0
  limit_val_batches: 1.0
  limit_test_batches: 1.0
  max_epochs: 50
  default_root_dir: .
  fast_dev_run: false
  overfit_batches: 0.0
  benchmark: false
  deterministic: warn
  gradient_clip_val: 0
  accumulate_grad_batches: 1
  plugins: null
  strategy: auto
  reload_dataloaders_every_n_epochs: 0
  precision: 16
  enable_model_summary: false
checkpoint:
  _target_: pytorch_lightning.callbacks.ModelCheckpoint
  dirpath: checkpoints
  save_top_k: 1
  verbose: true
  monitor: val_error
  mode: min
  save_last: true
augmentation:
  batch_augment:
    pipeline: null
    transforms:
      RandomHorizontalFlip:
        p: 0.5
      RandomAffine:
        degrees:
        - -15
        - 15
        translate:
        - 0.1
        - 0.1
        scale:
        - 0.9
        - 1.1
        shear:
        - -5
        - 5
        p: 0.5
      RandomCrop:
        size:
        - 32
        - 32
        padding: 4
      RandomErasing:
        p: 0.5
experiment_id: sweep_lr
output_dir: trained_models
auto_lr: false
resume: false
fx_mac_summary: false
skip_test: false
skip_val: false
seed:
- 1234
validate_output: false
monitor:
  metric: val_accuracy
  direction: maximize

[2024-02-15 12:11:40,962][root][INFO] - Current working directory /local/gerum/hannah/experiments/cifar10/trained_models/sweep_lr/kakao_resnet8/lr=0.1
[2024-02-15 12:11:40,967][root][ERROR] - Exception Message: Error locating target 'hannah.modules.vision.ImageClassifierModule', set env var HYDRA_FULL_ERROR=1 to see chained exception.
full_key: module
Traceback (most recent call last):
  File "/local/gerum/.cache/pypoetry/virtualenvs/hannah-8Yp6PnCx-py3.11/lib/python3.11/site-packages/hydra/_internal/utils.py", line 644, in _locate
    obj = getattr(obj, part)
          ^^^^^^^^^^^^^^^^^^
AttributeError: module 'hannah.modules' has no attribute 'vision'

During handling of the above exception, another exception occurred:

Traceback (most recent call last):
  File "/local/gerum/.cache/pypoetry/virtualenvs/hannah-8Yp6PnCx-py3.11/lib/python3.11/site-packages/hydra/_internal/utils.py", line 650, in _locate
    obj = import_module(mod)
          ^^^^^^^^^^^^^^^^^^
  File "/usr/lib64/python3.11/importlib/__init__.py", line 126, in import_module
    return _bootstrap._gcd_import(name[level:], package, level)
           ^^^^^^^^^^^^^^^^^^^^^^^^^^^^^^^^^^^^^^^^^^^^^^^^^^^^
  File "<frozen importlib._bootstrap>", line 1204, in _gcd_import
  File "<frozen importlib._bootstrap>", line 1176, in _find_and_load
  File "<frozen importlib._bootstrap>", line 1147, in _find_and_load_unlocked
  File "<frozen importlib._bootstrap>", line 690, in _load_unlocked
  File "<frozen importlib._bootstrap_external>", line 940, in exec_module
  File "<frozen importlib._bootstrap>", line 241, in _call_with_frames_removed
  File "/local/gerum/hannah/hannah/modules/vision/__init__.py", line 19, in <module>
    from .anomaly_detection import AnomalyDetectionModule
  File "/local/gerum/hannah/hannah/modules/vision/anomaly_detection.py", line 34, in <module>
    from .base import VisionBaseModule
  File "/local/gerum/hannah/hannah/modules/vision/base.py", line 24, in <module>
    import kornia
ModuleNotFoundError: No module named 'kornia'

The above exception was the direct cause of the following exception:

Traceback (most recent call last):
  File "/local/gerum/.cache/pypoetry/virtualenvs/hannah-8Yp6PnCx-py3.11/lib/python3.11/site-packages/hydra/_internal/instantiate/_instantiate2.py", line 134, in _resolve_target
    target = _locate(target)
             ^^^^^^^^^^^^^^^
  File "/local/gerum/.cache/pypoetry/virtualenvs/hannah-8Yp6PnCx-py3.11/lib/python3.11/site-packages/hydra/_internal/utils.py", line 653, in _locate
    raise ImportError(
ImportError: Error loading 'hannah.modules.vision.ImageClassifierModule':
ModuleNotFoundError("No module named 'kornia'")
Are you sure that 'vision' is importable from module 'hannah.modules'?

The above exception was the direct cause of the following exception:

Traceback (most recent call last):
  File "/local/gerum/hannah/hannah/tools/train.py", line 44, in main
    return train(config)
           ^^^^^^^^^^^^^
  File "/local/gerum/hannah/hannah/train.py", line 93, in train
    lit_module = instantiate(
                 ^^^^^^^^^^^^
  File "/local/gerum/.cache/pypoetry/virtualenvs/hannah-8Yp6PnCx-py3.11/lib/python3.11/site-packages/hydra/_internal/instantiate/_instantiate2.py", line 226, in instantiate
    return instantiate_node(
           ^^^^^^^^^^^^^^^^^
  File "/local/gerum/.cache/pypoetry/virtualenvs/hannah-8Yp6PnCx-py3.11/lib/python3.11/site-packages/hydra/_internal/instantiate/_instantiate2.py", line 333, in instantiate_node
    _target_ = _resolve_target(node.get(_Keys.TARGET), full_key)
               ^^^^^^^^^^^^^^^^^^^^^^^^^^^^^^^^^^^^^^^^^^^^^^^^^
  File "/local/gerum/.cache/pypoetry/virtualenvs/hannah-8Yp6PnCx-py3.11/lib/python3.11/site-packages/hydra/_internal/instantiate/_instantiate2.py", line 139, in _resolve_target
    raise InstantiationException(msg) from e
hydra.errors.InstantiationException: Error locating target 'hannah.modules.vision.ImageClassifierModule', set env var HYDRA_FULL_ERROR=1 to see chained exception.
full_key: module
[2024-02-15 14:36:25,465][hannah.utils.utils][INFO] - Environment info:
[2024-02-15 14:36:25,466][hannah.utils.utils][INFO] -   Number of GPUs: 2
[2024-02-15 14:36:25,466][hannah.utils.utils][INFO] -   CUDA version: 12.1
[2024-02-15 14:36:25,466][hannah.utils.utils][INFO] -   CUDNN version: 8907
[2024-02-15 14:36:25,466][hannah.utils.utils][INFO] -   Kernel: 4.18.0-513.11.1.el8_9.x86_64
[2024-02-15 14:36:25,466][hannah.utils.utils][INFO] -   Python: 3.11.5 (main, Nov 15 2023, 03:52:27) [GCC 8.5.0 20210514 (Red Hat 8.5.0-20)]
[2024-02-15 14:36:25,466][hannah.utils.utils][INFO] -   PyTorch: 2.1.2+cu121
[2024-02-15 14:36:25,466][hannah.utils.utils][INFO] -   Pytorch Lightning: 2.1.3
[2024-02-15 14:36:25,466][hannah.utils.utils][INFO] -   Numpy: 1.23.5
[2024-02-15 14:36:25,466][hannah.utils.utils][INFO] -   Hannah version info:
[2024-02-15 14:36:25,466][hannah.utils.utils][INFO] -     Cannot find a Git repository.  You probably downloaded an archive
[2024-02-15 14:36:25,466][hannah.utils.utils][INFO] -   Command line: /local/gerum/.cache/pypoetry/virtualenvs/hannah-8Yp6PnCx-py3.11/bin/hannah-train +experiment=sweep_lr
[2024-02-15 14:36:25,466][hannah.utils.utils][INFO] -   
[2024-02-15 14:36:25,466][lightning.fabric.utilities.seed][INFO] - Seed set to 1234
[2024-02-15 14:36:25,467][root][INFO] - Configuration: 
[2024-02-15 14:36:25,469][root][INFO] - dataset:
  data_folder: ${hydra:runtime.cwd}/datasets/
  cls: hannah.datasets.vision.Cifar10Dataset
  dataset: cifar10
  val_percent: 0.1
features:
  _target_: torch.nn.Identity
model:
  _target_: hannah.models.kakao_resnet.resnet8
  name: kakao_resnet8
  width_multiplier: 1.0
  input_kernel: 3
  input_stride: 1
scheduler:
  _target_: torch.optim.lr_scheduler.OneCycleLR
  max_lr: 0.1
  pct_start: 0.3
  anneal_strategy: cos
  cycle_momentum: true
  base_momentum: 0.85
  max_momentum: 0.95
  div_factor: 25.0
  final_div_factor: 10000.0
  last_epoch: -1
optimizer:
  _target_: torch.optim.sgd.SGD
  lr: 0.3
  momentum: 0.9
  dampening: 0
  weight_decay: 0.0005
  nesterov: false
module:
  _target_: hannah.modules.vision.ImageClassifierModule
  num_workers: 0
  batch_size: 2048
  shuffle_all_dataloaders: false
trainer:
  _target_: pytorch_lightning.trainer.Trainer
  accelerator: auto
  devices: 1
  limit_train_batches: 1.0
  limit_val_batches: 1.0
  limit_test_batches: 1.0
  max_epochs: 50
  default_root_dir: .
  fast_dev_run: false
  overfit_batches: 0.0
  benchmark: false
  deterministic: warn
  gradient_clip_val: 0
  accumulate_grad_batches: 1
  plugins: null
  strategy: auto
  reload_dataloaders_every_n_epochs: 0
  precision: 16
  enable_model_summary: false
checkpoint:
  _target_: pytorch_lightning.callbacks.ModelCheckpoint
  dirpath: checkpoints
  save_top_k: 1
  verbose: true
  monitor: val_error
  mode: min
  save_last: true
augmentation:
  batch_augment:
    pipeline: null
    transforms:
      RandomHorizontalFlip:
        p: 0.5
      RandomAffine:
        degrees:
        - -15
        - 15
        translate:
        - 0.1
        - 0.1
        scale:
        - 0.9
        - 1.1
        shear:
        - -5
        - 5
        p: 0.5
      RandomCrop:
        size:
        - 32
        - 32
        padding: 4
      RandomErasing:
        p: 0.5
experiment_id: sweep_lr
output_dir: trained_models
auto_lr: false
resume: false
fx_mac_summary: false
skip_test: false
skip_val: false
seed:
- 1234
validate_output: false
monitor:
  metric: val_accuracy
  direction: maximize

[2024-02-15 14:36:25,469][root][INFO] - Current working directory /local/gerum/hannah/experiments/cifar10/trained_models/sweep_lr/kakao_resnet8/lr=0.1
[2024-02-15 14:36:25,476][hannah.callbacks.optimization][INFO] - Monitoring the following values for optimization
[2024-02-15 14:36:25,476][hannah.callbacks.optimization][INFO] -   - val_accuracy direction: maximize(-1)
[2024-02-15 14:36:25,479][py.warnings][WARNING] - /local/gerum/.cache/pypoetry/virtualenvs/hannah-8Yp6PnCx-py3.11/lib/python3.11/site-packages/lightning_fabric/connector.py:558: `precision=16` is supported for historical reasons but its usage is discouraged. Please set your precision to 16-mixed instead!

[2024-02-15 14:36:25,479][pytorch_lightning.utilities.rank_zero][INFO] - Using 16bit Automatic Mixed Precision (AMP)
[2024-02-15 14:36:25,485][pytorch_lightning.utilities.rank_zero][INFO] - GPU available: True (cuda), used: True
[2024-02-15 14:36:25,485][pytorch_lightning.utilities.rank_zero][INFO] - TPU available: False, using: 0 TPU cores
[2024-02-15 14:36:25,485][pytorch_lightning.utilities.rank_zero][INFO] - IPU available: False, using: 0 IPUs
[2024-02-15 14:36:25,485][pytorch_lightning.utilities.rank_zero][INFO] - HPU available: False, using: 0 HPUs
[2024-02-15 14:36:25,485][pytorch_lightning.utilities.rank_zero][INFO] - `Trainer(limit_train_batches=1.0)` was configured so 100% of the batches per epoch will be used..
[2024-02-15 14:36:25,485][pytorch_lightning.utilities.rank_zero][INFO] - `Trainer(limit_val_batches=1.0)` was configured so 100% of the batches will be used..
[2024-02-15 14:36:25,485][pytorch_lightning.utilities.rank_zero][INFO] - `Trainer(limit_test_batches=1.0)` was configured so 100% of the batches will be used..
[2024-02-15 14:36:25,485][root][INFO] - Starting training
[2024-02-15 14:36:26,674][py.warnings][WARNING] - /local/gerum/hannah/hannah/modules/vision/base.py:66: UserWarning: Vision datasets should return a length 4 tuple, will assume unlabeled data is None
  warnings.warn(

[2024-02-15 14:36:26,674][hannah.modules.vision.base][INFO] - Dataset lengths:
[2024-02-15 14:36:26,675][hannah.modules.vision.base][INFO] -   Train Set (Labeled): 45000
[2024-02-15 14:36:26,675][hannah.modules.vision.base][INFO] -   Train Set (Unlabled): 0
[2024-02-15 14:36:26,675][hannah.modules.vision.base][INFO] -   Dev Set: 5000
[2024-02-15 14:36:26,675][hannah.modules.vision.base][INFO] -   Test Set: 10000
[2024-02-15 14:36:26,675][hannah.modules.vision.base][INFO] - Setting up model kakao_resnet8
[2024-02-15 14:36:26,696][hannah.modules.vision.base][INFO] - Instantiating input Normalizer with mean: (0.491, 0.482, 0.446), std: (0.247, 0.243, 0.261)
[2024-02-15 14:36:26,701][hannah.modules.vision.base][INFO] - Running dummy forward to initialize lazy modules
[2024-02-15 14:36:26,710][pytorch_lightning.accelerators.cuda][INFO] - LOCAL_RANK: 0 - CUDA_VISIBLE_DEVICES: [0,1]
[2024-02-15 14:36:26,712][pytorch_lightning.utilities.rank_zero][INFO] - Loading `train_dataloader` to estimate number of stepping batches.
[2024-02-15 14:36:26,712][py.warnings][WARNING] - /local/gerum/.cache/pypoetry/virtualenvs/hannah-8Yp6PnCx-py3.11/lib/python3.11/site-packages/pytorch_lightning/trainer/connectors/data_connector.py:441: The 'train_dataloader' does not have many workers which may be a bottleneck. Consider increasing the value of the `num_workers` argument` to `num_workers=191` in the `DataLoader` to improve performance.

[2024-02-15 14:36:26,712][py.warnings][WARNING] - /local/gerum/.cache/pypoetry/virtualenvs/hannah-8Yp6PnCx-py3.11/lib/python3.11/site-packages/pytorch_lightning/loops/fit_loop.py:293: The number of training batches (21) is smaller than the logging interval Trainer(log_every_n_steps=50). Set a lower value for log_every_n_steps if you want to see logs for the training epoch.

[2024-02-15 14:36:26,902][py.warnings][WARNING] - /local/gerum/.cache/pypoetry/virtualenvs/hannah-8Yp6PnCx-py3.11/lib/python3.11/site-packages/pytorch_lightning/trainer/connectors/data_connector.py:441: The 'val_dataloader' does not have many workers which may be a bottleneck. Consider increasing the value of the `num_workers` argument` to `num_workers=191` in the `DataLoader` to improve performance.

[2024-02-15 14:36:27,108][hannah.callbacks.summaries][INFO] - 
+----+--------------+-------------------+--------------------------------------------------+------------------+--------------+------------------+--------------+------------------+----------+
|    | Name         | Type              | Attrs                                            | IFM              |   IFM volume | OFM              |   OFM volume |   Weights volume |     MACs |
|----+--------------+-------------------+--------------------------------------------------+------------------+--------------+------------------+--------------+------------------+----------|
|  0 | 0.0          | Conv2d            | k=(3, 3), s=(1, 1), g=(1), dsc=(False), d=(1, 1) | (1, 3, 32, 32)   |         3072 | (1, 64, 32, 32)  |        65536 |             1728 |  1769472 |
|  1 | 0.1          | BatchNorm2d       |                                                  | (1, 64, 32, 32)  |        65536 | (1, 64, 32, 32)  |        65536 |                0 |        0 |
|  2 | 0.2          | ReLU              |                                                  | (1, 64, 32, 32)  |        65536 | (1, 64, 32, 32)  |        65536 |                0 |        0 |
|  3 | 0            | Sequential        |                                                  | (1, 3, 32, 32)   |         3072 | (1, 64, 32, 32)  |        65536 |                0 |        0 |
|  4 | 1.0          | Conv2d            | k=(5, 5), s=(2, 2), g=(1), dsc=(False), d=(1, 1) | (1, 64, 32, 32)  |        65536 | (1, 128, 16, 16) |        32768 |           204800 | 52428800 |
|  5 | 1.1          | BatchNorm2d       |                                                  | (1, 128, 16, 16) |        32768 | (1, 128, 16, 16) |        32768 |                0 |        0 |
|  6 | 1.2          | ReLU              |                                                  | (1, 128, 16, 16) |        32768 | (1, 128, 16, 16) |        32768 |                0 |        0 |
|  7 | 1            | Sequential        |                                                  | (1, 64, 32, 32)  |        65536 | (1, 128, 16, 16) |        32768 |                0 |        0 |
|  8 | 2.module.0.0 | Conv2d            | k=(3, 3), s=(1, 1), g=(1), dsc=(False), d=(1, 1) | (1, 128, 16, 16) |        32768 | (1, 128, 16, 16) |        32768 |           147456 | 37748736 |
|  9 | 2.module.0.1 | BatchNorm2d       |                                                  | (1, 128, 16, 16) |        32768 | (1, 128, 16, 16) |        32768 |                0 |        0 |
| 10 | 2.module.0.2 | ReLU              |                                                  | (1, 128, 16, 16) |        32768 | (1, 128, 16, 16) |        32768 |                0 |        0 |
| 11 | 2.module.0   | Sequential        |                                                  | (1, 128, 16, 16) |        32768 | (1, 128, 16, 16) |        32768 |                0 |        0 |
| 12 | 2.module.1.0 | Conv2d            | k=(3, 3), s=(1, 1), g=(1), dsc=(False), d=(1, 1) | (1, 128, 16, 16) |        32768 | (1, 128, 16, 16) |        32768 |           147456 | 37748736 |
| 13 | 2.module.1.1 | BatchNorm2d       |                                                  | (1, 128, 16, 16) |        32768 | (1, 128, 16, 16) |        32768 |                0 |        0 |
| 14 | 2.module.1.2 | ReLU              |                                                  | (1, 128, 16, 16) |        32768 | (1, 128, 16, 16) |        32768 |                0 |        0 |
| 15 | 2.module.1   | Sequential        |                                                  | (1, 128, 16, 16) |        32768 | (1, 128, 16, 16) |        32768 |                0 |        0 |
| 16 | 2.module     | Sequential        |                                                  | (1, 128, 16, 16) |        32768 | (1, 128, 16, 16) |        32768 |                0 |        0 |
| 17 | 2            | Residual          |                                                  | (1, 128, 16, 16) |        32768 | (1, 128, 16, 16) |        32768 |                0 |        0 |
| 18 | 3.0          | Conv2d            | k=(3, 3), s=(1, 1), g=(1), dsc=(False), d=(1, 1) | (1, 128, 16, 16) |        32768 | (1, 256, 16, 16) |        65536 |           294912 | 75497472 |
| 19 | 3.1          | BatchNorm2d       |                                                  | (1, 256, 16, 16) |        65536 | (1, 256, 16, 16) |        65536 |                0 |        0 |
| 20 | 3.2          | ReLU              |                                                  | (1, 256, 16, 16) |        65536 | (1, 256, 16, 16) |        65536 |                0 |        0 |
| 21 | 3            | Sequential        |                                                  | (1, 128, 16, 16) |        32768 | (1, 256, 16, 16) |        65536 |                0 |        0 |
| 22 | 4            | MaxPool2d         |                                                  | (1, 256, 16, 16) |        65536 | (1, 256, 8, 8)   |        16384 |                0 |        0 |
| 23 | 5.module.0.0 | Conv2d            | k=(3, 3), s=(1, 1), g=(1), dsc=(False), d=(1, 1) | (1, 256, 8, 8)   |        16384 | (1, 256, 8, 8)   |        16384 |           589824 | 37748736 |
| 24 | 5.module.0.1 | BatchNorm2d       |                                                  | (1, 256, 8, 8)   |        16384 | (1, 256, 8, 8)   |        16384 |                0 |        0 |
| 25 | 5.module.0.2 | ReLU              |                                                  | (1, 256, 8, 8)   |        16384 | (1, 256, 8, 8)   |        16384 |                0 |        0 |
| 26 | 5.module.0   | Sequential        |                                                  | (1, 256, 8, 8)   |        16384 | (1, 256, 8, 8)   |        16384 |                0 |        0 |
| 27 | 5.module.1.0 | Conv2d            | k=(3, 3), s=(1, 1), g=(1), dsc=(False), d=(1, 1) | (1, 256, 8, 8)   |        16384 | (1, 256, 8, 8)   |        16384 |           589824 | 37748736 |
| 28 | 5.module.1.1 | BatchNorm2d       |                                                  | (1, 256, 8, 8)   |        16384 | (1, 256, 8, 8)   |        16384 |                0 |        0 |
| 29 | 5.module.1.2 | ReLU              |                                                  | (1, 256, 8, 8)   |        16384 | (1, 256, 8, 8)   |        16384 |                0 |        0 |
| 30 | 5.module.1   | Sequential        |                                                  | (1, 256, 8, 8)   |        16384 | (1, 256, 8, 8)   |        16384 |                0 |        0 |
| 31 | 5.module     | Sequential        |                                                  | (1, 256, 8, 8)   |        16384 | (1, 256, 8, 8)   |        16384 |                0 |        0 |
| 32 | 5            | Residual          |                                                  | (1, 256, 8, 8)   |        16384 | (1, 256, 8, 8)   |        16384 |                0 |        0 |
| 33 | 6.0          | Conv2d            | k=(3, 3), s=(1, 1), g=(1), dsc=(False), d=(1, 1) | (1, 256, 8, 8)   |        16384 | (1, 128, 6, 6)   |         4608 |           294912 | 10616832 |
| 34 | 6.1          | BatchNorm2d       |                                                  | (1, 128, 6, 6)   |         4608 | (1, 128, 6, 6)   |         4608 |                0 |        0 |
| 35 | 6.2          | ReLU              |                                                  | (1, 128, 6, 6)   |         4608 | (1, 128, 6, 6)   |         4608 |                0 |        0 |
| 36 | 6            | Sequential        |                                                  | (1, 256, 8, 8)   |        16384 | (1, 128, 6, 6)   |         4608 |                0 |        0 |
| 37 | 7            | AdaptiveMaxPool2d |                                                  | (1, 128, 6, 6)   |         4608 | (1, 128, 1, 1)   |          128 |                0 |        0 |
| 38 | 8            | Flatten           |                                                  | (1, 128, 1, 1)   |          128 | (1, 128)         |          128 |                0 |        0 |
| 39 | 9            | Linear            |                                                  | (1, 128)         |          128 | (1, 10)          |           10 |             1280 |     1280 |
| 40 | 10           | Mul               |                                                  | (1, 10)          |           10 | (1, 10)          |           10 |                0 |        0 |
+----+--------------+-------------------+--------------------------------------------------+------------------+--------------+------------------+--------------+------------------+----------+
[2024-02-15 14:36:27,109][hannah.callbacks.summaries][INFO] - Total MACs: 291,308,800
[2024-02-15 14:36:27,109][hannah.callbacks.summaries][INFO] - Total Weights: 2,272,192
[2024-02-15 14:36:27,109][hannah.callbacks.summaries][INFO] - Total Activations: 1,185,044
[2024-02-15 14:36:27,109][hannah.callbacks.summaries][INFO] - Estimated Activations: 131,072
[2024-02-15 14:36:27,594][py.warnings][WARNING] - /local/gerum/.cache/pypoetry/virtualenvs/hannah-8Yp6PnCx-py3.11/lib64/python3.11/site-packages/torch/autograd/__init__.py:251: UserWarning: adaptive_max_pool2d_backward_cuda does not have a deterministic implementation, but you set 'torch.use_deterministic_algorithms(True, warn_only=True)'. You can file an issue at https://github.com/pytorch/pytorch/issues to help us prioritize adding deterministic support for this operation. (Triggered internally at ../aten/src/ATen/Context.cpp:71.)
  Variable._execution_engine.run_backward(  # Calls into the C++ engine to run the backward pass

[2024-02-15 14:36:38,110][pytorch_lightning.utilities.rank_zero][INFO] - Epoch 0, global step 21: 'val_error' reached 0.80981 (best 0.80981), saving model to '/local/gerum/hannah/experiments/cifar10/trained_models/sweep_lr/kakao_resnet8/lr=0.1/checkpoints/epoch=0-step=21.ckpt' as top 1
[2024-02-15 14:36:49,205][pytorch_lightning.utilities.rank_zero][INFO] - Epoch 1, global step 42: 'val_error' reached 0.70044 (best 0.70044), saving model to '/local/gerum/hannah/experiments/cifar10/trained_models/sweep_lr/kakao_resnet8/lr=0.1/checkpoints/epoch=1-step=42.ckpt' as top 1
[2024-02-15 14:37:00,148][pytorch_lightning.utilities.rank_zero][INFO] - Epoch 2, global step 63: 'val_error' reached 0.65088 (best 0.65088), saving model to '/local/gerum/hannah/experiments/cifar10/trained_models/sweep_lr/kakao_resnet8/lr=0.1/checkpoints/epoch=2-step=63.ckpt' as top 1
[2024-02-15 14:37:11,324][pytorch_lightning.utilities.rank_zero][INFO] - Epoch 3, global step 84: 'val_error' reached 0.62061 (best 0.62061), saving model to '/local/gerum/hannah/experiments/cifar10/trained_models/sweep_lr/kakao_resnet8/lr=0.1/checkpoints/epoch=3-step=84.ckpt' as top 1
[2024-02-15 14:37:22,293][pytorch_lightning.utilities.rank_zero][INFO] - Epoch 4, global step 105: 'val_error' reached 0.54785 (best 0.54785), saving model to '/local/gerum/hannah/experiments/cifar10/trained_models/sweep_lr/kakao_resnet8/lr=0.1/checkpoints/epoch=4-step=105.ckpt' as top 1
[2024-02-15 14:37:33,437][pytorch_lightning.utilities.rank_zero][INFO] - Epoch 5, global step 126: 'val_error' reached 0.51123 (best 0.51123), saving model to '/local/gerum/hannah/experiments/cifar10/trained_models/sweep_lr/kakao_resnet8/lr=0.1/checkpoints/epoch=5-step=126.ckpt' as top 1
[2024-02-15 14:37:44,578][pytorch_lightning.utilities.rank_zero][INFO] - Epoch 6, global step 147: 'val_error' was not in top 1
[2024-02-15 14:37:55,516][pytorch_lightning.utilities.rank_zero][INFO] - Epoch 7, global step 168: 'val_error' reached 0.45508 (best 0.45508), saving model to '/local/gerum/hannah/experiments/cifar10/trained_models/sweep_lr/kakao_resnet8/lr=0.1/checkpoints/epoch=7-step=168.ckpt' as top 1
[2024-02-15 14:38:06,652][pytorch_lightning.utilities.rank_zero][INFO] - Epoch 8, global step 189: 'val_error' reached 0.39844 (best 0.39844), saving model to '/local/gerum/hannah/experiments/cifar10/trained_models/sweep_lr/kakao_resnet8/lr=0.1/checkpoints/epoch=8-step=189.ckpt' as top 1
[2024-02-15 14:38:17,631][pytorch_lightning.utilities.rank_zero][INFO] - Epoch 9, global step 210: 'val_error' reached 0.34180 (best 0.34180), saving model to '/local/gerum/hannah/experiments/cifar10/trained_models/sweep_lr/kakao_resnet8/lr=0.1/checkpoints/epoch=9-step=210.ckpt' as top 1
[2024-02-15 14:38:28,794][pytorch_lightning.utilities.rank_zero][INFO] - Epoch 10, global step 231: 'val_error' reached 0.32812 (best 0.32812), saving model to '/local/gerum/hannah/experiments/cifar10/trained_models/sweep_lr/kakao_resnet8/lr=0.1/checkpoints/epoch=10-step=231.ckpt' as top 1
[2024-02-15 14:38:39,914][pytorch_lightning.utilities.rank_zero][INFO] - Epoch 11, global step 252: 'val_error' reached 0.28442 (best 0.28442), saving model to '/local/gerum/hannah/experiments/cifar10/trained_models/sweep_lr/kakao_resnet8/lr=0.1/checkpoints/epoch=11-step=252.ckpt' as top 1
[2024-02-15 14:38:50,820][pytorch_lightning.utilities.rank_zero][INFO] - Epoch 12, global step 273: 'val_error' was not in top 1
[2024-02-15 14:39:01,940][pytorch_lightning.utilities.rank_zero][INFO] - Epoch 13, global step 294: 'val_error' reached 0.23926 (best 0.23926), saving model to '/local/gerum/hannah/experiments/cifar10/trained_models/sweep_lr/kakao_resnet8/lr=0.1/checkpoints/epoch=13-step=294.ckpt' as top 1
[2024-02-15 14:39:12,770][pytorch_lightning.utilities.rank_zero][INFO] - Epoch 14, global step 315: 'val_error' reached 0.22974 (best 0.22974), saving model to '/local/gerum/hannah/experiments/cifar10/trained_models/sweep_lr/kakao_resnet8/lr=0.1/checkpoints/epoch=14-step=315.ckpt' as top 1
[2024-02-15 14:39:23,859][pytorch_lightning.utilities.rank_zero][INFO] - Epoch 15, global step 336: 'val_error' was not in top 1
[2024-02-15 14:39:34,913][pytorch_lightning.utilities.rank_zero][INFO] - Epoch 16, global step 357: 'val_error' was not in top 1
[2024-02-15 14:39:45,810][pytorch_lightning.utilities.rank_zero][INFO] - Epoch 17, global step 378: 'val_error' reached 0.21875 (best 0.21875), saving model to '/local/gerum/hannah/experiments/cifar10/trained_models/sweep_lr/kakao_resnet8/lr=0.1/checkpoints/epoch=17-step=378.ckpt' as top 1
[2024-02-15 14:39:56,906][pytorch_lightning.utilities.rank_zero][INFO] - Epoch 18, global step 399: 'val_error' was not in top 1
[2024-02-15 14:40:07,809][pytorch_lightning.utilities.rank_zero][INFO] - Epoch 19, global step 420: 'val_error' reached 0.21704 (best 0.21704), saving model to '/local/gerum/hannah/experiments/cifar10/trained_models/sweep_lr/kakao_resnet8/lr=0.1/checkpoints/epoch=19-step=420.ckpt' as top 1
[2024-02-15 14:40:18,891][pytorch_lightning.utilities.rank_zero][INFO] - Epoch 20, global step 441: 'val_error' was not in top 1
[2024-02-15 14:40:29,979][pytorch_lightning.utilities.rank_zero][INFO] - Epoch 21, global step 462: 'val_error' reached 0.20117 (best 0.20117), saving model to '/local/gerum/hannah/experiments/cifar10/trained_models/sweep_lr/kakao_resnet8/lr=0.1/checkpoints/epoch=21-step=462.ckpt' as top 1
[2024-02-15 14:40:40,756][pytorch_lightning.utilities.rank_zero][INFO] - Epoch 22, global step 483: 'val_error' reached 0.19238 (best 0.19238), saving model to '/local/gerum/hannah/experiments/cifar10/trained_models/sweep_lr/kakao_resnet8/lr=0.1/checkpoints/epoch=22-step=483.ckpt' as top 1
[2024-02-15 14:40:51,834][pytorch_lightning.utilities.rank_zero][INFO] - Epoch 23, global step 504: 'val_error' was not in top 1
[2024-02-15 14:41:02,601][pytorch_lightning.utilities.rank_zero][INFO] - Epoch 24, global step 525: 'val_error' reached 0.15259 (best 0.15259), saving model to '/local/gerum/hannah/experiments/cifar10/trained_models/sweep_lr/kakao_resnet8/lr=0.1/checkpoints/epoch=24-step=525.ckpt' as top 1
[2024-02-15 14:41:13,646][pytorch_lightning.utilities.rank_zero][INFO] - Epoch 25, global step 546: 'val_error' was not in top 1
[2024-02-15 14:41:24,534][pytorch_lightning.utilities.rank_zero][INFO] - Epoch 26, global step 567: 'val_error' was not in top 1
[2024-02-15 14:41:35,591][pytorch_lightning.utilities.rank_zero][INFO] - Epoch 27, global step 588: 'val_error' reached 0.14233 (best 0.14233), saving model to '/local/gerum/hannah/experiments/cifar10/trained_models/sweep_lr/kakao_resnet8/lr=0.1/checkpoints/epoch=27-step=588.ckpt' as top 1
[2024-02-15 14:41:46,624][pytorch_lightning.utilities.rank_zero][INFO] - Epoch 28, global step 609: 'val_error' was not in top 1
[2024-02-15 14:41:57,496][pytorch_lightning.utilities.rank_zero][INFO] - Epoch 29, global step 630: 'val_error' reached 0.13965 (best 0.13965), saving model to '/local/gerum/hannah/experiments/cifar10/trained_models/sweep_lr/kakao_resnet8/lr=0.1/checkpoints/epoch=29-step=630.ckpt' as top 1
[2024-02-15 14:42:08,584][pytorch_lightning.utilities.rank_zero][INFO] - Epoch 30, global step 651: 'val_error' was not in top 1
[2024-02-15 14:42:19,670][pytorch_lightning.utilities.rank_zero][INFO] - Epoch 31, global step 672: 'val_error' reached 0.13623 (best 0.13623), saving model to '/local/gerum/hannah/experiments/cifar10/trained_models/sweep_lr/kakao_resnet8/lr=0.1/checkpoints/epoch=31-step=672.ckpt' as top 1
[2024-02-15 14:42:30,559][pytorch_lightning.utilities.rank_zero][INFO] - Epoch 32, global step 693: 'val_error' was not in top 1
[2024-02-15 14:42:41,668][pytorch_lightning.utilities.rank_zero][INFO] - Epoch 33, global step 714: 'val_error' reached 0.12769 (best 0.12769), saving model to '/local/gerum/hannah/experiments/cifar10/trained_models/sweep_lr/kakao_resnet8/lr=0.1/checkpoints/epoch=33-step=714.ckpt' as top 1
[2024-02-15 14:42:52,576][pytorch_lightning.utilities.rank_zero][INFO] - Epoch 34, global step 735: 'val_error' was not in top 1
[2024-02-15 14:43:03,653][pytorch_lightning.utilities.rank_zero][INFO] - Epoch 35, global step 756: 'val_error' was not in top 1
[2024-02-15 14:43:14,532][pytorch_lightning.utilities.rank_zero][INFO] - Epoch 36, global step 777: 'val_error' reached 0.11328 (best 0.11328), saving model to '/local/gerum/hannah/experiments/cifar10/trained_models/sweep_lr/kakao_resnet8/lr=0.1/checkpoints/epoch=36-step=777.ckpt' as top 1
[2024-02-15 14:43:25,646][pytorch_lightning.utilities.rank_zero][INFO] - Epoch 37, global step 798: 'val_error' was not in top 1
[2024-02-15 14:43:36,733][pytorch_lightning.utilities.rank_zero][INFO] - Epoch 38, global step 819: 'val_error' was not in top 1
[2024-02-15 14:43:47,613][pytorch_lightning.utilities.rank_zero][INFO] - Epoch 39, global step 840: 'val_error' was not in top 1
[2024-02-15 14:43:58,666][pytorch_lightning.utilities.rank_zero][INFO] - Epoch 40, global step 861: 'val_error' reached 0.10913 (best 0.10913), saving model to '/local/gerum/hannah/experiments/cifar10/trained_models/sweep_lr/kakao_resnet8/lr=0.1/checkpoints/epoch=40-step=861.ckpt' as top 1
[2024-02-15 14:44:09,568][pytorch_lightning.utilities.rank_zero][INFO] - Epoch 41, global step 882: 'val_error' reached 0.10425 (best 0.10425), saving model to '/local/gerum/hannah/experiments/cifar10/trained_models/sweep_lr/kakao_resnet8/lr=0.1/checkpoints/epoch=41-step=882.ckpt' as top 1
[2024-02-15 14:44:20,670][pytorch_lightning.utilities.rank_zero][INFO] - Epoch 42, global step 903: 'val_error' was not in top 1
[2024-02-15 14:44:31,677][pytorch_lightning.utilities.rank_zero][INFO] - Epoch 43, global step 924: 'val_error' was not in top 1
[2024-02-15 14:44:42,421][pytorch_lightning.utilities.rank_zero][INFO] - Epoch 44, global step 945: 'val_error' reached 0.10181 (best 0.10181), saving model to '/local/gerum/hannah/experiments/cifar10/trained_models/sweep_lr/kakao_resnet8/lr=0.1/checkpoints/epoch=44-step=945.ckpt' as top 1
[2024-02-15 14:44:53,430][pytorch_lightning.utilities.rank_zero][INFO] - Epoch 45, global step 966: 'val_error' reached 0.09570 (best 0.09570), saving model to '/local/gerum/hannah/experiments/cifar10/trained_models/sweep_lr/kakao_resnet8/lr=0.1/checkpoints/epoch=45-step=966.ckpt' as top 1
[2024-02-15 14:45:04,345][pytorch_lightning.utilities.rank_zero][INFO] - Epoch 46, global step 987: 'val_error' reached 0.09033 (best 0.09033), saving model to '/local/gerum/hannah/experiments/cifar10/trained_models/sweep_lr/kakao_resnet8/lr=0.1/checkpoints/epoch=46-step=987.ckpt' as top 1
[2024-02-15 14:45:15,456][pytorch_lightning.utilities.rank_zero][INFO] - Epoch 47, global step 1008: 'val_error' was not in top 1
[2024-02-15 14:45:26,562][pytorch_lightning.utilities.rank_zero][INFO] - Epoch 48, global step 1029: 'val_error' was not in top 1
[2024-02-15 14:45:37,447][pytorch_lightning.utilities.rank_zero][INFO] - Epoch 49, global step 1050: 'val_error' was not in top 1
[2024-02-15 14:45:37,447][pytorch_lightning.utilities.rank_zero][INFO] - `Trainer.fit` stopped: `max_epochs=50` reached.
[2024-02-15 14:45:37,475][lightning.fabric.utilities.seed][INFO] - Seed set to 1234
[2024-02-15 14:45:37,476][py.warnings][WARNING] - /local/gerum/.cache/pypoetry/virtualenvs/hannah-8Yp6PnCx-py3.11/lib/python3.11/site-packages/pytorch_lightning/trainer/connectors/checkpoint_connector.py:145: `.validate(ckpt_path=None)` was called without a model. The best model of the previous `fit` call will be used. You can pass `.validate(ckpt_path='best')` to use the best model or `.validate(ckpt_path='last')` to use the last model. If you pass a value, this warning will be silenced.

[2024-02-15 14:45:37,477][pytorch_lightning.utilities.rank_zero][INFO] - Restoring states from the checkpoint path at /local/gerum/hannah/experiments/cifar10/trained_models/sweep_lr/kakao_resnet8/lr=0.1/checkpoints/epoch=46-step=987.ckpt
[2024-02-15 14:45:37,496][pytorch_lightning.accelerators.cuda][INFO] - LOCAL_RANK: 0 - CUDA_VISIBLE_DEVICES: [0,1]
[2024-02-15 14:45:37,674][pytorch_lightning.utilities.rank_zero][INFO] - Loaded model weights from the checkpoint at /local/gerum/hannah/experiments/cifar10/trained_models/sweep_lr/kakao_resnet8/lr=0.1/checkpoints/epoch=46-step=987.ckpt
[2024-02-15 14:45:37,889][lightning.fabric.utilities.seed][INFO] - Seed set to 1234
[2024-02-15 14:45:37,889][py.warnings][WARNING] - /local/gerum/.cache/pypoetry/virtualenvs/hannah-8Yp6PnCx-py3.11/lib/python3.11/site-packages/pytorch_lightning/trainer/connectors/checkpoint_connector.py:145: `.test(ckpt_path=None)` was called without a model. The best model of the previous `fit` call will be used. You can pass `.test(ckpt_path='best')` to use the best model or `.test(ckpt_path='last')` to use the last model. If you pass a value, this warning will be silenced.

[2024-02-15 14:45:37,890][pytorch_lightning.utilities.rank_zero][INFO] - Restoring states from the checkpoint path at /local/gerum/hannah/experiments/cifar10/trained_models/sweep_lr/kakao_resnet8/lr=0.1/checkpoints/epoch=46-step=987.ckpt
[2024-02-15 14:45:37,906][pytorch_lightning.accelerators.cuda][INFO] - LOCAL_RANK: 0 - CUDA_VISIBLE_DEVICES: [0,1]
[2024-02-15 14:45:38,081][pytorch_lightning.utilities.rank_zero][INFO] - Loaded model weights from the checkpoint at /local/gerum/hannah/experiments/cifar10/trained_models/sweep_lr/kakao_resnet8/lr=0.1/checkpoints/epoch=46-step=987.ckpt
[2024-02-15 14:45:38,082][py.warnings][WARNING] - /local/gerum/.cache/pypoetry/virtualenvs/hannah-8Yp6PnCx-py3.11/lib/python3.11/site-packages/pytorch_lightning/trainer/connectors/data_connector.py:441: The 'test_dataloader' does not have many workers which may be a bottleneck. Consider increasing the value of the `num_workers` argument` to `num_workers=191` in the `DataLoader` to improve performance.

[2024-02-15 14:45:38,449][hannah.callbacks.summaries][INFO] - 
+----+--------------+-------------------+--------------------------------------------------+------------------+--------------+------------------+--------------+------------------+----------+
|    | Name         | Type              | Attrs                                            | IFM              |   IFM volume | OFM              |   OFM volume |   Weights volume |     MACs |
|----+--------------+-------------------+--------------------------------------------------+------------------+--------------+------------------+--------------+------------------+----------|
|  0 | 0.0          | Conv2d            | k=(3, 3), s=(1, 1), g=(1), dsc=(False), d=(1, 1) | (1, 3, 32, 32)   |         3072 | (1, 64, 32, 32)  |        65536 |             1728 |  1769472 |
|  1 | 0.1          | BatchNorm2d       |                                                  | (1, 64, 32, 32)  |        65536 | (1, 64, 32, 32)  |        65536 |                0 |        0 |
|  2 | 0.2          | ReLU              |                                                  | (1, 64, 32, 32)  |        65536 | (1, 64, 32, 32)  |        65536 |                0 |        0 |
|  3 | 0            | Sequential        |                                                  | (1, 3, 32, 32)   |         3072 | (1, 64, 32, 32)  |        65536 |                0 |        0 |
|  4 | 1.0          | Conv2d            | k=(5, 5), s=(2, 2), g=(1), dsc=(False), d=(1, 1) | (1, 64, 32, 32)  |        65536 | (1, 128, 16, 16) |        32768 |           204800 | 52428800 |
|  5 | 1.1          | BatchNorm2d       |                                                  | (1, 128, 16, 16) |        32768 | (1, 128, 16, 16) |        32768 |                0 |        0 |
|  6 | 1.2          | ReLU              |                                                  | (1, 128, 16, 16) |        32768 | (1, 128, 16, 16) |        32768 |                0 |        0 |
|  7 | 1            | Sequential        |                                                  | (1, 64, 32, 32)  |        65536 | (1, 128, 16, 16) |        32768 |                0 |        0 |
|  8 | 2.module.0.0 | Conv2d            | k=(3, 3), s=(1, 1), g=(1), dsc=(False), d=(1, 1) | (1, 128, 16, 16) |        32768 | (1, 128, 16, 16) |        32768 |           147456 | 37748736 |
|  9 | 2.module.0.1 | BatchNorm2d       |                                                  | (1, 128, 16, 16) |        32768 | (1, 128, 16, 16) |        32768 |                0 |        0 |
| 10 | 2.module.0.2 | ReLU              |                                                  | (1, 128, 16, 16) |        32768 | (1, 128, 16, 16) |        32768 |                0 |        0 |
| 11 | 2.module.0   | Sequential        |                                                  | (1, 128, 16, 16) |        32768 | (1, 128, 16, 16) |        32768 |                0 |        0 |
| 12 | 2.module.1.0 | Conv2d            | k=(3, 3), s=(1, 1), g=(1), dsc=(False), d=(1, 1) | (1, 128, 16, 16) |        32768 | (1, 128, 16, 16) |        32768 |           147456 | 37748736 |
| 13 | 2.module.1.1 | BatchNorm2d       |                                                  | (1, 128, 16, 16) |        32768 | (1, 128, 16, 16) |        32768 |                0 |        0 |
| 14 | 2.module.1.2 | ReLU              |                                                  | (1, 128, 16, 16) |        32768 | (1, 128, 16, 16) |        32768 |                0 |        0 |
| 15 | 2.module.1   | Sequential        |                                                  | (1, 128, 16, 16) |        32768 | (1, 128, 16, 16) |        32768 |                0 |        0 |
| 16 | 2.module     | Sequential        |                                                  | (1, 128, 16, 16) |        32768 | (1, 128, 16, 16) |        32768 |                0 |        0 |
| 17 | 2            | Residual          |                                                  | (1, 128, 16, 16) |        32768 | (1, 128, 16, 16) |        32768 |                0 |        0 |
| 18 | 3.0          | Conv2d            | k=(3, 3), s=(1, 1), g=(1), dsc=(False), d=(1, 1) | (1, 128, 16, 16) |        32768 | (1, 256, 16, 16) |        65536 |           294912 | 75497472 |
| 19 | 3.1          | BatchNorm2d       |                                                  | (1, 256, 16, 16) |        65536 | (1, 256, 16, 16) |        65536 |                0 |        0 |
| 20 | 3.2          | ReLU              |                                                  | (1, 256, 16, 16) |        65536 | (1, 256, 16, 16) |        65536 |                0 |        0 |
| 21 | 3            | Sequential        |                                                  | (1, 128, 16, 16) |        32768 | (1, 256, 16, 16) |        65536 |                0 |        0 |
| 22 | 4            | MaxPool2d         |                                                  | (1, 256, 16, 16) |        65536 | (1, 256, 8, 8)   |        16384 |                0 |        0 |
| 23 | 5.module.0.0 | Conv2d            | k=(3, 3), s=(1, 1), g=(1), dsc=(False), d=(1, 1) | (1, 256, 8, 8)   |        16384 | (1, 256, 8, 8)   |        16384 |           589824 | 37748736 |
| 24 | 5.module.0.1 | BatchNorm2d       |                                                  | (1, 256, 8, 8)   |        16384 | (1, 256, 8, 8)   |        16384 |                0 |        0 |
| 25 | 5.module.0.2 | ReLU              |                                                  | (1, 256, 8, 8)   |        16384 | (1, 256, 8, 8)   |        16384 |                0 |        0 |
| 26 | 5.module.0   | Sequential        |                                                  | (1, 256, 8, 8)   |        16384 | (1, 256, 8, 8)   |        16384 |                0 |        0 |
| 27 | 5.module.1.0 | Conv2d            | k=(3, 3), s=(1, 1), g=(1), dsc=(False), d=(1, 1) | (1, 256, 8, 8)   |        16384 | (1, 256, 8, 8)   |        16384 |           589824 | 37748736 |
| 28 | 5.module.1.1 | BatchNorm2d       |                                                  | (1, 256, 8, 8)   |        16384 | (1, 256, 8, 8)   |        16384 |                0 |        0 |
| 29 | 5.module.1.2 | ReLU              |                                                  | (1, 256, 8, 8)   |        16384 | (1, 256, 8, 8)   |        16384 |                0 |        0 |
| 30 | 5.module.1   | Sequential        |                                                  | (1, 256, 8, 8)   |        16384 | (1, 256, 8, 8)   |        16384 |                0 |        0 |
| 31 | 5.module     | Sequential        |                                                  | (1, 256, 8, 8)   |        16384 | (1, 256, 8, 8)   |        16384 |                0 |        0 |
| 32 | 5            | Residual          |                                                  | (1, 256, 8, 8)   |        16384 | (1, 256, 8, 8)   |        16384 |                0 |        0 |
| 33 | 6.0          | Conv2d            | k=(3, 3), s=(1, 1), g=(1), dsc=(False), d=(1, 1) | (1, 256, 8, 8)   |        16384 | (1, 128, 6, 6)   |         4608 |           294912 | 10616832 |
| 34 | 6.1          | BatchNorm2d       |                                                  | (1, 128, 6, 6)   |         4608 | (1, 128, 6, 6)   |         4608 |                0 |        0 |
| 35 | 6.2          | ReLU              |                                                  | (1, 128, 6, 6)   |         4608 | (1, 128, 6, 6)   |         4608 |                0 |        0 |
| 36 | 6            | Sequential        |                                                  | (1, 256, 8, 8)   |        16384 | (1, 128, 6, 6)   |         4608 |                0 |        0 |
| 37 | 7            | AdaptiveMaxPool2d |                                                  | (1, 128, 6, 6)   |         4608 | (1, 128, 1, 1)   |          128 |                0 |        0 |
| 38 | 8            | Flatten           |                                                  | (1, 128, 1, 1)   |          128 | (1, 128)         |          128 |                0 |        0 |
| 39 | 9            | Linear            |                                                  | (1, 128)         |          128 | (1, 10)          |           10 |             1280 |     1280 |
| 40 | 10           | Mul               |                                                  | (1, 10)          |           10 | (1, 10)          |           10 |                0 |        0 |
+----+--------------+-------------------+--------------------------------------------------+------------------+--------------+------------------+--------------+------------------+----------+
[2024-02-15 14:45:38,450][hannah.callbacks.summaries][INFO] - Total MACs: 291,308,800
[2024-02-15 14:45:38,450][hannah.callbacks.summaries][INFO] - Total Weights: 2,272,192
[2024-02-15 14:45:38,450][hannah.callbacks.summaries][INFO] - Total Activations: 1,185,044
[2024-02-15 14:45:38,450][hannah.callbacks.summaries][INFO] - Estimated Activations: 131,072
[2024-02-15 14:45:38,450][hannah.datasets.base][WARNING] - Datasets class names contain classes that are longer than the recommended lenght of 5 characters, consider implementing class_names_abbreviated in your dataset
[2024-02-15 14:45:38,450][hannah.datasets.base][WARNING] - Datasets class names contain classes that are longer than the recommended lenght of 5 characters, consider implementing class_names_abbreviated in your dataset
[2024-02-15 14:45:38,679][py.warnings][WARNING] - /local/gerum/.cache/pypoetry/virtualenvs/hannah-8Yp6PnCx-py3.11/lib/python3.11/site-packages/torchmetrics/utilities/prints.py:43: UserWarning: The ``compute`` method of metric MulticlassROC was called before the ``update`` method which may lead to errors, as metric states have not yet been updated.
  warnings.warn(*args, **kwargs)  # noqa: B028

[2024-02-15 14:45:38,680][hannah.datasets.base][WARNING] - Datasets class names contain classes that are longer than the recommended lenght of 5 characters, consider implementing class_names_abbreviated in your dataset
[2024-02-15 14:45:38,774][py.warnings][WARNING] - /local/gerum/.cache/pypoetry/virtualenvs/hannah-8Yp6PnCx-py3.11/lib/python3.11/site-packages/torchmetrics/utilities/prints.py:43: UserWarning: The ``compute`` method of metric MulticlassPrecisionRecallCurve was called before the ``update`` method which may lead to errors, as metric states have not yet been updated.
  warnings.warn(*args, **kwargs)  # noqa: B028

[2024-02-15 14:45:38,774][hannah.datasets.base][WARNING] - Datasets class names contain classes that are longer than the recommended lenght of 5 characters, consider implementing class_names_abbreviated in your dataset
[2024-02-15 14:45:38,894][hannah.train][INFO] - Averaged Result Metrics:
| Metric               |      Mean |   Std |   Count |
|----------------------|-----------|-------|---------|
| test_classifier_loss | 0.277673  |     0 |       1 |
| test_accuracy        | 0.90564   |     0 |       1 |
| test_error           | 0.0943604 |     0 |       1 |
| test_f1              | 0.905877  |     0 |       1 |
| test_precision       | 0.906352  |     0 |       1 |
| test_recall          | 0.905972  |     0 |       1 |
| test_loss            | 0.277673  |     0 |       1 |
[2024-02-15 14:45:38,904][hannah.train][INFO] - Averaged Result Metrics:
| Metric              |     Mean |   Std |   Count |
|---------------------|----------|-------|---------|
| val_classifier_loss | 0.285476 |     0 |       1 |
| val_accuracy        | 0.909668 |     0 |       1 |
| val_error           | 0.090332 |     0 |       1 |
| val_f1              | 0.909287 |     0 |       1 |
| val_precision       | 0.91001  |     0 |       1 |
| val_recall          | 0.909236 |     0 |       1 |
| val_loss            | 0.285476 |     0 |       1 |
