[2024-02-15 12:11:41,076][hannah.utils.utils][INFO] - Environment info:
[2024-02-15 12:11:41,076][hannah.utils.utils][INFO] -   Number of GPUs: 2
[2024-02-15 12:11:41,076][hannah.utils.utils][INFO] -   CUDA version: 12.1
[2024-02-15 12:11:41,076][hannah.utils.utils][INFO] -   CUDNN version: 8907
[2024-02-15 12:11:41,076][hannah.utils.utils][INFO] -   Kernel: 4.18.0-513.11.1.el8_9.x86_64
[2024-02-15 12:11:41,076][hannah.utils.utils][INFO] -   Python: 3.11.5 (main, Nov 15 2023, 03:52:27) [GCC 8.5.0 20210514 (Red Hat 8.5.0-20)]
[2024-02-15 12:11:41,076][hannah.utils.utils][INFO] -   PyTorch: 2.1.2+cu121
[2024-02-15 12:11:41,076][hannah.utils.utils][INFO] -   Pytorch Lightning: 2.1.3
[2024-02-15 12:11:41,076][hannah.utils.utils][INFO] -   Numpy: 1.23.5
[2024-02-15 12:11:41,076][hannah.utils.utils][INFO] -   Hannah version info:
[2024-02-15 12:11:41,077][hannah.utils.utils][INFO] -     Cannot find a Git repository.  You probably downloaded an archive
[2024-02-15 12:11:41,077][hannah.utils.utils][INFO] -   Command line: /local/gerum/.cache/pypoetry/virtualenvs/hannah-8Yp6PnCx-py3.11/bin/hannah-train +experiment=sweep_lr
[2024-02-15 12:11:41,077][hannah.utils.utils][INFO] -   
[2024-02-15 12:11:41,077][lightning.fabric.utilities.seed][INFO] - Seed set to 1234
[2024-02-15 12:11:41,077][root][INFO] - Configuration: 
[2024-02-15 12:11:41,080][root][INFO] - dataset:
  data_folder: ${hydra:runtime.cwd}/datasets/
  cls: hannah.datasets.vision.Cifar10Dataset
  dataset: cifar10
  val_percent: 0.1
features:
  _target_: torch.nn.Identity
model:
  _target_: hannah.models.timm.TimmModel
  name: resnet18
scheduler:
  _target_: torch.optim.lr_scheduler.OneCycleLR
  max_lr: 0.2
  pct_start: 0.3
  anneal_strategy: cos
  cycle_momentum: true
  base_momentum: 0.85
  max_momentum: 0.95
  div_factor: 25.0
  final_div_factor: 10000.0
  last_epoch: -1
optimizer:
  _target_: torch.optim.sgd.SGD
  lr: 0.3
  momentum: 0.9
  dampening: 0
  weight_decay: 0.0005
  nesterov: false
module:
  _target_: hannah.modules.vision.ImageClassifierModule
  num_workers: 0
  batch_size: 2048
  shuffle_all_dataloaders: false
trainer:
  _target_: pytorch_lightning.trainer.Trainer
  accelerator: auto
  devices: 1
  limit_train_batches: 1.0
  limit_val_batches: 1.0
  limit_test_batches: 1.0
  max_epochs: 50
  default_root_dir: .
  fast_dev_run: false
  overfit_batches: 0.0
  benchmark: false
  deterministic: warn
  gradient_clip_val: 0
  accumulate_grad_batches: 1
  plugins: null
  strategy: auto
  reload_dataloaders_every_n_epochs: 0
  precision: 16
  enable_model_summary: false
checkpoint:
  _target_: pytorch_lightning.callbacks.ModelCheckpoint
  dirpath: checkpoints
  save_top_k: 1
  verbose: true
  monitor: val_error
  mode: min
  save_last: true
augmentation:
  batch_augment:
    pipeline: null
    transforms:
      RandomHorizontalFlip:
        p: 0.5
      RandomAffine:
        degrees:
        - -15
        - 15
        translate:
        - 0.1
        - 0.1
        scale:
        - 0.9
        - 1.1
        shear:
        - -5
        - 5
        p: 0.5
      RandomCrop:
        size:
        - 32
        - 32
        padding: 4
      RandomErasing:
        p: 0.5
experiment_id: sweep_lr
output_dir: trained_models
auto_lr: false
resume: false
fx_mac_summary: false
skip_test: false
skip_val: false
seed:
- 1234
validate_output: false
monitor:
  metric: val_accuracy
  direction: maximize

[2024-02-15 12:11:41,080][root][INFO] - Current working directory /local/gerum/hannah/experiments/cifar10/trained_models/sweep_lr/resnet18/lr=0.2
[2024-02-15 12:11:41,085][root][ERROR] - Exception Message: Error locating target 'hannah.modules.vision.ImageClassifierModule', set env var HYDRA_FULL_ERROR=1 to see chained exception.
full_key: module
Traceback (most recent call last):
  File "/local/gerum/.cache/pypoetry/virtualenvs/hannah-8Yp6PnCx-py3.11/lib/python3.11/site-packages/hydra/_internal/utils.py", line 644, in _locate
    obj = getattr(obj, part)
          ^^^^^^^^^^^^^^^^^^
AttributeError: module 'hannah.modules' has no attribute 'vision'

During handling of the above exception, another exception occurred:

Traceback (most recent call last):
  File "/local/gerum/.cache/pypoetry/virtualenvs/hannah-8Yp6PnCx-py3.11/lib/python3.11/site-packages/hydra/_internal/utils.py", line 650, in _locate
    obj = import_module(mod)
          ^^^^^^^^^^^^^^^^^^
  File "/usr/lib64/python3.11/importlib/__init__.py", line 126, in import_module
    return _bootstrap._gcd_import(name[level:], package, level)
           ^^^^^^^^^^^^^^^^^^^^^^^^^^^^^^^^^^^^^^^^^^^^^^^^^^^^
  File "<frozen importlib._bootstrap>", line 1204, in _gcd_import
  File "<frozen importlib._bootstrap>", line 1176, in _find_and_load
  File "<frozen importlib._bootstrap>", line 1147, in _find_and_load_unlocked
  File "<frozen importlib._bootstrap>", line 690, in _load_unlocked
  File "<frozen importlib._bootstrap_external>", line 940, in exec_module
  File "<frozen importlib._bootstrap>", line 241, in _call_with_frames_removed
  File "/local/gerum/hannah/hannah/modules/vision/__init__.py", line 19, in <module>
    from .anomaly_detection import AnomalyDetectionModule
  File "/local/gerum/hannah/hannah/modules/vision/anomaly_detection.py", line 34, in <module>
    from .base import VisionBaseModule
  File "/local/gerum/hannah/hannah/modules/vision/base.py", line 24, in <module>
    import kornia
ModuleNotFoundError: No module named 'kornia'

The above exception was the direct cause of the following exception:

Traceback (most recent call last):
  File "/local/gerum/.cache/pypoetry/virtualenvs/hannah-8Yp6PnCx-py3.11/lib/python3.11/site-packages/hydra/_internal/instantiate/_instantiate2.py", line 134, in _resolve_target
    target = _locate(target)
             ^^^^^^^^^^^^^^^
  File "/local/gerum/.cache/pypoetry/virtualenvs/hannah-8Yp6PnCx-py3.11/lib/python3.11/site-packages/hydra/_internal/utils.py", line 653, in _locate
    raise ImportError(
ImportError: Error loading 'hannah.modules.vision.ImageClassifierModule':
ModuleNotFoundError("No module named 'kornia'")
Are you sure that 'vision' is importable from module 'hannah.modules'?

The above exception was the direct cause of the following exception:

Traceback (most recent call last):
  File "/local/gerum/hannah/hannah/tools/train.py", line 44, in main
    return train(config)
           ^^^^^^^^^^^^^
  File "/local/gerum/hannah/hannah/train.py", line 93, in train
    lit_module = instantiate(
                 ^^^^^^^^^^^^
  File "/local/gerum/.cache/pypoetry/virtualenvs/hannah-8Yp6PnCx-py3.11/lib/python3.11/site-packages/hydra/_internal/instantiate/_instantiate2.py", line 226, in instantiate
    return instantiate_node(
           ^^^^^^^^^^^^^^^^^
  File "/local/gerum/.cache/pypoetry/virtualenvs/hannah-8Yp6PnCx-py3.11/lib/python3.11/site-packages/hydra/_internal/instantiate/_instantiate2.py", line 333, in instantiate_node
    _target_ = _resolve_target(node.get(_Keys.TARGET), full_key)
               ^^^^^^^^^^^^^^^^^^^^^^^^^^^^^^^^^^^^^^^^^^^^^^^^^
  File "/local/gerum/.cache/pypoetry/virtualenvs/hannah-8Yp6PnCx-py3.11/lib/python3.11/site-packages/hydra/_internal/instantiate/_instantiate2.py", line 139, in _resolve_target
    raise InstantiationException(msg) from e
hydra.errors.InstantiationException: Error locating target 'hannah.modules.vision.ImageClassifierModule', set env var HYDRA_FULL_ERROR=1 to see chained exception.
full_key: module
[2024-02-15 14:45:39,016][hannah.utils.utils][INFO] - Environment info:
[2024-02-15 14:45:39,016][hannah.utils.utils][INFO] -   Number of GPUs: 2
[2024-02-15 14:45:39,016][hannah.utils.utils][INFO] -   CUDA version: 12.1
[2024-02-15 14:45:39,016][hannah.utils.utils][INFO] -   CUDNN version: 8907
[2024-02-15 14:45:39,016][hannah.utils.utils][INFO] -   Kernel: 4.18.0-513.11.1.el8_9.x86_64
[2024-02-15 14:45:39,016][hannah.utils.utils][INFO] -   Python: 3.11.5 (main, Nov 15 2023, 03:52:27) [GCC 8.5.0 20210514 (Red Hat 8.5.0-20)]
[2024-02-15 14:45:39,016][hannah.utils.utils][INFO] -   PyTorch: 2.1.2+cu121
[2024-02-15 14:45:39,016][hannah.utils.utils][INFO] -   Pytorch Lightning: 2.1.3
[2024-02-15 14:45:39,016][hannah.utils.utils][INFO] -   Numpy: 1.23.5
[2024-02-15 14:45:39,016][hannah.utils.utils][INFO] -   Hannah version info:
[2024-02-15 14:45:39,016][hannah.utils.utils][INFO] -     Cannot find a Git repository.  You probably downloaded an archive
[2024-02-15 14:45:39,016][hannah.utils.utils][INFO] -   Command line: /local/gerum/.cache/pypoetry/virtualenvs/hannah-8Yp6PnCx-py3.11/bin/hannah-train +experiment=sweep_lr
[2024-02-15 14:45:39,016][hannah.utils.utils][INFO] -   
[2024-02-15 14:45:39,017][lightning.fabric.utilities.seed][INFO] - Seed set to 1234
[2024-02-15 14:45:39,017][root][INFO] - Configuration: 
[2024-02-15 14:45:39,019][root][INFO] - dataset:
  data_folder: ${hydra:runtime.cwd}/datasets/
  cls: hannah.datasets.vision.Cifar10Dataset
  dataset: cifar10
  val_percent: 0.1
features:
  _target_: torch.nn.Identity
model:
  _target_: hannah.models.timm.TimmModel
  name: resnet18
scheduler:
  _target_: torch.optim.lr_scheduler.OneCycleLR
  max_lr: 0.2
  pct_start: 0.3
  anneal_strategy: cos
  cycle_momentum: true
  base_momentum: 0.85
  max_momentum: 0.95
  div_factor: 25.0
  final_div_factor: 10000.0
  last_epoch: -1
optimizer:
  _target_: torch.optim.sgd.SGD
  lr: 0.3
  momentum: 0.9
  dampening: 0
  weight_decay: 0.0005
  nesterov: false
module:
  _target_: hannah.modules.vision.ImageClassifierModule
  num_workers: 0
  batch_size: 2048
  shuffle_all_dataloaders: false
trainer:
  _target_: pytorch_lightning.trainer.Trainer
  accelerator: auto
  devices: 1
  limit_train_batches: 1.0
  limit_val_batches: 1.0
  limit_test_batches: 1.0
  max_epochs: 50
  default_root_dir: .
  fast_dev_run: false
  overfit_batches: 0.0
  benchmark: false
  deterministic: warn
  gradient_clip_val: 0
  accumulate_grad_batches: 1
  plugins: null
  strategy: auto
  reload_dataloaders_every_n_epochs: 0
  precision: 16
  enable_model_summary: false
checkpoint:
  _target_: pytorch_lightning.callbacks.ModelCheckpoint
  dirpath: checkpoints
  save_top_k: 1
  verbose: true
  monitor: val_error
  mode: min
  save_last: true
augmentation:
  batch_augment:
    pipeline: null
    transforms:
      RandomHorizontalFlip:
        p: 0.5
      RandomAffine:
        degrees:
        - -15
        - 15
        translate:
        - 0.1
        - 0.1
        scale:
        - 0.9
        - 1.1
        shear:
        - -5
        - 5
        p: 0.5
      RandomCrop:
        size:
        - 32
        - 32
        padding: 4
      RandomErasing:
        p: 0.5
experiment_id: sweep_lr
output_dir: trained_models
auto_lr: false
resume: false
fx_mac_summary: false
skip_test: false
skip_val: false
seed:
- 1234
validate_output: false
monitor:
  metric: val_accuracy
  direction: maximize

[2024-02-15 14:45:39,019][root][INFO] - Current working directory /local/gerum/hannah/experiments/cifar10/trained_models/sweep_lr/resnet18/lr=0.2
[2024-02-15 14:45:39,025][hannah.callbacks.optimization][INFO] - Monitoring the following values for optimization
[2024-02-15 14:45:39,025][hannah.callbacks.optimization][INFO] -   - val_accuracy direction: maximize(-1)
[2024-02-15 14:45:39,028][py.warnings][WARNING] - /local/gerum/.cache/pypoetry/virtualenvs/hannah-8Yp6PnCx-py3.11/lib/python3.11/site-packages/lightning_fabric/connector.py:558: `precision=16` is supported for historical reasons but its usage is discouraged. Please set your precision to 16-mixed instead!

[2024-02-15 14:45:39,028][pytorch_lightning.utilities.rank_zero][INFO] - Using 16bit Automatic Mixed Precision (AMP)
[2024-02-15 14:45:39,034][pytorch_lightning.utilities.rank_zero][INFO] - GPU available: True (cuda), used: True
[2024-02-15 14:45:39,034][pytorch_lightning.utilities.rank_zero][INFO] - TPU available: False, using: 0 TPU cores
[2024-02-15 14:45:39,034][pytorch_lightning.utilities.rank_zero][INFO] - IPU available: False, using: 0 IPUs
[2024-02-15 14:45:39,034][pytorch_lightning.utilities.rank_zero][INFO] - HPU available: False, using: 0 HPUs
[2024-02-15 14:45:39,034][pytorch_lightning.utilities.rank_zero][INFO] - `Trainer(limit_train_batches=1.0)` was configured so 100% of the batches per epoch will be used..
[2024-02-15 14:45:39,034][pytorch_lightning.utilities.rank_zero][INFO] - `Trainer(limit_val_batches=1.0)` was configured so 100% of the batches will be used..
[2024-02-15 14:45:39,034][pytorch_lightning.utilities.rank_zero][INFO] - `Trainer(limit_test_batches=1.0)` was configured so 100% of the batches will be used..
[2024-02-15 14:45:39,034][root][INFO] - Starting training
[2024-02-15 14:45:40,236][py.warnings][WARNING] - /local/gerum/hannah/hannah/modules/vision/base.py:66: UserWarning: Vision datasets should return a length 4 tuple, will assume unlabeled data is None
  warnings.warn(

[2024-02-15 14:45:40,236][hannah.modules.vision.base][INFO] - Dataset lengths:
[2024-02-15 14:45:40,236][hannah.modules.vision.base][INFO] -   Train Set (Labeled): 45000
[2024-02-15 14:45:40,236][hannah.modules.vision.base][INFO] -   Train Set (Unlabled): 0
[2024-02-15 14:45:40,236][hannah.modules.vision.base][INFO] -   Dev Set: 5000
[2024-02-15 14:45:40,236][hannah.modules.vision.base][INFO] -   Test Set: 10000
[2024-02-15 14:45:40,237][hannah.modules.vision.base][INFO] - Setting up model resnet18
[2024-02-15 14:45:40,350][hannah.models.timm][INFO] - Using default logger for automatic stem creation
[2024-02-15 14:45:40,350][hannah.models.timm][INFO] - Small input size detected trying to adopt small input size
[2024-02-15 14:45:40,361][py.warnings][WARNING] - /local/gerum/.cache/pypoetry/virtualenvs/hannah-8Yp6PnCx-py3.11/lib64/python3.11/site-packages/torch/nn/modules/lazy.py:180: UserWarning: Lazy modules are a new feature under heavy development so changes to the API or functionality can happen at any moment.
  warnings.warn('Lazy modules are a new feature under heavy development '

[2024-02-15 14:45:40,361][hannah.modules.vision.base][INFO] - Instantiating input Normalizer with mean: (0.491, 0.482, 0.446), std: (0.247, 0.243, 0.261)
[2024-02-15 14:45:40,368][hannah.modules.vision.base][INFO] - Running dummy forward to initialize lazy modules
[2024-02-15 14:45:40,385][pytorch_lightning.accelerators.cuda][INFO] - LOCAL_RANK: 0 - CUDA_VISIBLE_DEVICES: [0,1]
[2024-02-15 14:45:40,387][pytorch_lightning.utilities.rank_zero][INFO] - Loading `train_dataloader` to estimate number of stepping batches.
[2024-02-15 14:45:40,387][py.warnings][WARNING] - /local/gerum/.cache/pypoetry/virtualenvs/hannah-8Yp6PnCx-py3.11/lib/python3.11/site-packages/pytorch_lightning/trainer/connectors/data_connector.py:441: The 'train_dataloader' does not have many workers which may be a bottleneck. Consider increasing the value of the `num_workers` argument` to `num_workers=191` in the `DataLoader` to improve performance.

[2024-02-15 14:45:40,388][py.warnings][WARNING] - /local/gerum/.cache/pypoetry/virtualenvs/hannah-8Yp6PnCx-py3.11/lib/python3.11/site-packages/pytorch_lightning/loops/fit_loop.py:293: The number of training batches (21) is smaller than the logging interval Trainer(log_every_n_steps=50). Set a lower value for log_every_n_steps if you want to see logs for the training epoch.

[2024-02-15 14:45:40,500][py.warnings][WARNING] - /local/gerum/hannah/hannah/models/timm.py:313: TracerWarning: torch.tensor results are registered as constants in the trace. You can safely ignore this warning if you use this function to create tensors out of constant variables that would be the same every time you call this function. In any other case, this might cause the trace to be incorrect.
  decoded = torch.tensor([])

[2024-02-15 14:45:40,501][py.warnings][WARNING] - /local/gerum/hannah/hannah/models/timm.py:317: TracerWarning: torch.tensor results are registered as constants in the trace. You can safely ignore this warning if you use this function to create tensors out of constant variables that would be the same every time you call this function. In any other case, this might cause the trace to be incorrect.
  logits = torch.tensor([])

[2024-02-15 14:45:40,502][py.warnings][WARNING] - /local/gerum/hannah/hannah/models/timm.py:321: TracerWarning: torch.tensor results are registered as constants in the trace. You can safely ignore this warning if you use this function to create tensors out of constant variables that would be the same every time you call this function. In any other case, this might cause the trace to be incorrect.
  projection = torch.tensor([])

[2024-02-15 14:45:40,940][py.warnings][WARNING] - /local/gerum/.cache/pypoetry/virtualenvs/hannah-8Yp6PnCx-py3.11/lib/python3.11/site-packages/pytorch_lightning/trainer/connectors/data_connector.py:441: The 'val_dataloader' does not have many workers which may be a bottleneck. Consider increasing the value of the `num_workers` argument` to `num_workers=191` in the `DataLoader` to improve performance.

[2024-02-15 14:45:41,186][hannah.callbacks.summaries][INFO] - 
+----+-------------------------------+-----------------------+--------------------------------------------------+------------------+--------------+------------------+--------------+------------------+----------+
|    | Name                          | Type                  | Attrs                                            | IFM              |   IFM volume | OFM              |   OFM volume |   Weights volume |     MACs |
|----+-------------------------------+-----------------------+--------------------------------------------------+------------------+--------------+------------------+--------------+------------------+----------|
|  0 | encoder.conv1                 | Conv2d                | k=(3, 3), s=(1, 1), g=(1), dsc=(False), d=(1, 1) | (1, 3, 32, 32)   |         3072 | (1, 64, 32, 32)  |        65536 |             1728 |  1769472 |
|  1 | encoder.bn1                   | BatchNorm2d           |                                                  | (1, 64, 32, 32)  |        65536 | (1, 64, 32, 32)  |        65536 |                0 |        0 |
|  2 | encoder.act1                  | ReLU                  |                                                  | (1, 64, 32, 32)  |        65536 | (1, 64, 32, 32)  |        65536 |                0 |        0 |
|  3 | encoder.maxpool               | Identity              |                                                  | (1, 64, 32, 32)  |        65536 | (1, 64, 32, 32)  |        65536 |                0 |        0 |
|  4 | encoder.layer1.0.conv1        | Conv2d                | k=(3, 3), s=(1, 1), g=(1), dsc=(False), d=(1, 1) | (1, 64, 32, 32)  |        65536 | (1, 64, 32, 32)  |        65536 |            36864 | 37748736 |
|  5 | encoder.layer1.0.bn1          | BatchNorm2d           |                                                  | (1, 64, 32, 32)  |        65536 | (1, 64, 32, 32)  |        65536 |                0 |        0 |
|  6 | encoder.layer1.0.drop_block   | Identity              |                                                  | (1, 64, 32, 32)  |        65536 | (1, 64, 32, 32)  |        65536 |                0 |        0 |
|  7 | encoder.layer1.0.act1         | ReLU                  |                                                  | (1, 64, 32, 32)  |        65536 | (1, 64, 32, 32)  |        65536 |                0 |        0 |
|  8 | encoder.layer1.0.aa           | Identity              |                                                  | (1, 64, 32, 32)  |        65536 | (1, 64, 32, 32)  |        65536 |                0 |        0 |
|  9 | encoder.layer1.0.conv2        | Conv2d                | k=(3, 3), s=(1, 1), g=(1), dsc=(False), d=(1, 1) | (1, 64, 32, 32)  |        65536 | (1, 64, 32, 32)  |        65536 |            36864 | 37748736 |
| 10 | encoder.layer1.0.bn2          | BatchNorm2d           |                                                  | (1, 64, 32, 32)  |        65536 | (1, 64, 32, 32)  |        65536 |                0 |        0 |
| 11 | encoder.layer1.0.act2         | ReLU                  |                                                  | (1, 64, 32, 32)  |        65536 | (1, 64, 32, 32)  |        65536 |                0 |        0 |
| 12 | encoder.layer1.0              | BasicBlock            |                                                  | (1, 64, 32, 32)  |        65536 | (1, 64, 32, 32)  |        65536 |                0 |        0 |
| 13 | encoder.layer1.1.conv1        | Conv2d                | k=(3, 3), s=(1, 1), g=(1), dsc=(False), d=(1, 1) | (1, 64, 32, 32)  |        65536 | (1, 64, 32, 32)  |        65536 |            36864 | 37748736 |
| 14 | encoder.layer1.1.bn1          | BatchNorm2d           |                                                  | (1, 64, 32, 32)  |        65536 | (1, 64, 32, 32)  |        65536 |                0 |        0 |
| 15 | encoder.layer1.1.drop_block   | Identity              |                                                  | (1, 64, 32, 32)  |        65536 | (1, 64, 32, 32)  |        65536 |                0 |        0 |
| 16 | encoder.layer1.1.act1         | ReLU                  |                                                  | (1, 64, 32, 32)  |        65536 | (1, 64, 32, 32)  |        65536 |                0 |        0 |
| 17 | encoder.layer1.1.aa           | Identity              |                                                  | (1, 64, 32, 32)  |        65536 | (1, 64, 32, 32)  |        65536 |                0 |        0 |
| 18 | encoder.layer1.1.conv2        | Conv2d                | k=(3, 3), s=(1, 1), g=(1), dsc=(False), d=(1, 1) | (1, 64, 32, 32)  |        65536 | (1, 64, 32, 32)  |        65536 |            36864 | 37748736 |
| 19 | encoder.layer1.1.bn2          | BatchNorm2d           |                                                  | (1, 64, 32, 32)  |        65536 | (1, 64, 32, 32)  |        65536 |                0 |        0 |
| 20 | encoder.layer1.1.act2         | ReLU                  |                                                  | (1, 64, 32, 32)  |        65536 | (1, 64, 32, 32)  |        65536 |                0 |        0 |
| 21 | encoder.layer1.1              | BasicBlock            |                                                  | (1, 64, 32, 32)  |        65536 | (1, 64, 32, 32)  |        65536 |                0 |        0 |
| 22 | encoder.layer1                | Sequential            |                                                  | (1, 64, 32, 32)  |        65536 | (1, 64, 32, 32)  |        65536 |                0 |        0 |
| 23 | encoder.layer2.0.conv1        | Conv2d                | k=(3, 3), s=(2, 2), g=(1), dsc=(False), d=(1, 1) | (1, 64, 32, 32)  |        65536 | (1, 128, 16, 16) |        32768 |            73728 | 18874368 |
| 24 | encoder.layer2.0.bn1          | BatchNorm2d           |                                                  | (1, 128, 16, 16) |        32768 | (1, 128, 16, 16) |        32768 |                0 |        0 |
| 25 | encoder.layer2.0.drop_block   | Identity              |                                                  | (1, 128, 16, 16) |        32768 | (1, 128, 16, 16) |        32768 |                0 |        0 |
| 26 | encoder.layer2.0.act1         | ReLU                  |                                                  | (1, 128, 16, 16) |        32768 | (1, 128, 16, 16) |        32768 |                0 |        0 |
| 27 | encoder.layer2.0.aa           | Identity              |                                                  | (1, 128, 16, 16) |        32768 | (1, 128, 16, 16) |        32768 |                0 |        0 |
| 28 | encoder.layer2.0.conv2        | Conv2d                | k=(3, 3), s=(1, 1), g=(1), dsc=(False), d=(1, 1) | (1, 128, 16, 16) |        32768 | (1, 128, 16, 16) |        32768 |           147456 | 37748736 |
| 29 | encoder.layer2.0.bn2          | BatchNorm2d           |                                                  | (1, 128, 16, 16) |        32768 | (1, 128, 16, 16) |        32768 |                0 |        0 |
| 30 | encoder.layer2.0.downsample.0 | Conv2d                | k=(1, 1), s=(2, 2), g=(1), dsc=(False), d=(1, 1) | (1, 64, 32, 32)  |        65536 | (1, 128, 16, 16) |        32768 |             8192 |  2097152 |
| 31 | encoder.layer2.0.downsample.1 | BatchNorm2d           |                                                  | (1, 128, 16, 16) |        32768 | (1, 128, 16, 16) |        32768 |                0 |        0 |
| 32 | encoder.layer2.0.downsample   | Sequential            |                                                  | (1, 64, 32, 32)  |        65536 | (1, 128, 16, 16) |        32768 |                0 |        0 |
| 33 | encoder.layer2.0.act2         | ReLU                  |                                                  | (1, 128, 16, 16) |        32768 | (1, 128, 16, 16) |        32768 |                0 |        0 |
| 34 | encoder.layer2.0              | BasicBlock            |                                                  | (1, 64, 32, 32)  |        65536 | (1, 128, 16, 16) |        32768 |                0 |        0 |
| 35 | encoder.layer2.1.conv1        | Conv2d                | k=(3, 3), s=(1, 1), g=(1), dsc=(False), d=(1, 1) | (1, 128, 16, 16) |        32768 | (1, 128, 16, 16) |        32768 |           147456 | 37748736 |
| 36 | encoder.layer2.1.bn1          | BatchNorm2d           |                                                  | (1, 128, 16, 16) |        32768 | (1, 128, 16, 16) |        32768 |                0 |        0 |
| 37 | encoder.layer2.1.drop_block   | Identity              |                                                  | (1, 128, 16, 16) |        32768 | (1, 128, 16, 16) |        32768 |                0 |        0 |
| 38 | encoder.layer2.1.act1         | ReLU                  |                                                  | (1, 128, 16, 16) |        32768 | (1, 128, 16, 16) |        32768 |                0 |        0 |
| 39 | encoder.layer2.1.aa           | Identity              |                                                  | (1, 128, 16, 16) |        32768 | (1, 128, 16, 16) |        32768 |                0 |        0 |
| 40 | encoder.layer2.1.conv2        | Conv2d                | k=(3, 3), s=(1, 1), g=(1), dsc=(False), d=(1, 1) | (1, 128, 16, 16) |        32768 | (1, 128, 16, 16) |        32768 |           147456 | 37748736 |
| 41 | encoder.layer2.1.bn2          | BatchNorm2d           |                                                  | (1, 128, 16, 16) |        32768 | (1, 128, 16, 16) |        32768 |                0 |        0 |
| 42 | encoder.layer2.1.act2         | ReLU                  |                                                  | (1, 128, 16, 16) |        32768 | (1, 128, 16, 16) |        32768 |                0 |        0 |
| 43 | encoder.layer2.1              | BasicBlock            |                                                  | (1, 128, 16, 16) |        32768 | (1, 128, 16, 16) |        32768 |                0 |        0 |
| 44 | encoder.layer2                | Sequential            |                                                  | (1, 64, 32, 32)  |        65536 | (1, 128, 16, 16) |        32768 |                0 |        0 |
| 45 | encoder.layer3.0.conv1        | Conv2d                | k=(3, 3), s=(2, 2), g=(1), dsc=(False), d=(1, 1) | (1, 128, 16, 16) |        32768 | (1, 256, 8, 8)   |        16384 |           294912 | 18874368 |
| 46 | encoder.layer3.0.bn1          | BatchNorm2d           |                                                  | (1, 256, 8, 8)   |        16384 | (1, 256, 8, 8)   |        16384 |                0 |        0 |
| 47 | encoder.layer3.0.drop_block   | Identity              |                                                  | (1, 256, 8, 8)   |        16384 | (1, 256, 8, 8)   |        16384 |                0 |        0 |
| 48 | encoder.layer3.0.act1         | ReLU                  |                                                  | (1, 256, 8, 8)   |        16384 | (1, 256, 8, 8)   |        16384 |                0 |        0 |
| 49 | encoder.layer3.0.aa           | Identity              |                                                  | (1, 256, 8, 8)   |        16384 | (1, 256, 8, 8)   |        16384 |                0 |        0 |
| 50 | encoder.layer3.0.conv2        | Conv2d                | k=(3, 3), s=(1, 1), g=(1), dsc=(False), d=(1, 1) | (1, 256, 8, 8)   |        16384 | (1, 256, 8, 8)   |        16384 |           589824 | 37748736 |
| 51 | encoder.layer3.0.bn2          | BatchNorm2d           |                                                  | (1, 256, 8, 8)   |        16384 | (1, 256, 8, 8)   |        16384 |                0 |        0 |
| 52 | encoder.layer3.0.downsample.0 | Conv2d                | k=(1, 1), s=(2, 2), g=(1), dsc=(False), d=(1, 1) | (1, 128, 16, 16) |        32768 | (1, 256, 8, 8)   |        16384 |            32768 |  2097152 |
| 53 | encoder.layer3.0.downsample.1 | BatchNorm2d           |                                                  | (1, 256, 8, 8)   |        16384 | (1, 256, 8, 8)   |        16384 |                0 |        0 |
| 54 | encoder.layer3.0.downsample   | Sequential            |                                                  | (1, 128, 16, 16) |        32768 | (1, 256, 8, 8)   |        16384 |                0 |        0 |
| 55 | encoder.layer3.0.act2         | ReLU                  |                                                  | (1, 256, 8, 8)   |        16384 | (1, 256, 8, 8)   |        16384 |                0 |        0 |
| 56 | encoder.layer3.0              | BasicBlock            |                                                  | (1, 128, 16, 16) |        32768 | (1, 256, 8, 8)   |        16384 |                0 |        0 |
| 57 | encoder.layer3.1.conv1        | Conv2d                | k=(3, 3), s=(1, 1), g=(1), dsc=(False), d=(1, 1) | (1, 256, 8, 8)   |        16384 | (1, 256, 8, 8)   |        16384 |           589824 | 37748736 |
| 58 | encoder.layer3.1.bn1          | BatchNorm2d           |                                                  | (1, 256, 8, 8)   |        16384 | (1, 256, 8, 8)   |        16384 |                0 |        0 |
| 59 | encoder.layer3.1.drop_block   | Identity              |                                                  | (1, 256, 8, 8)   |        16384 | (1, 256, 8, 8)   |        16384 |                0 |        0 |
| 60 | encoder.layer3.1.act1         | ReLU                  |                                                  | (1, 256, 8, 8)   |        16384 | (1, 256, 8, 8)   |        16384 |                0 |        0 |
| 61 | encoder.layer3.1.aa           | Identity              |                                                  | (1, 256, 8, 8)   |        16384 | (1, 256, 8, 8)   |        16384 |                0 |        0 |
| 62 | encoder.layer3.1.conv2        | Conv2d                | k=(3, 3), s=(1, 1), g=(1), dsc=(False), d=(1, 1) | (1, 256, 8, 8)   |        16384 | (1, 256, 8, 8)   |        16384 |           589824 | 37748736 |
| 63 | encoder.layer3.1.bn2          | BatchNorm2d           |                                                  | (1, 256, 8, 8)   |        16384 | (1, 256, 8, 8)   |        16384 |                0 |        0 |
| 64 | encoder.layer3.1.act2         | ReLU                  |                                                  | (1, 256, 8, 8)   |        16384 | (1, 256, 8, 8)   |        16384 |                0 |        0 |
| 65 | encoder.layer3.1              | BasicBlock            |                                                  | (1, 256, 8, 8)   |        16384 | (1, 256, 8, 8)   |        16384 |                0 |        0 |
| 66 | encoder.layer3                | Sequential            |                                                  | (1, 128, 16, 16) |        32768 | (1, 256, 8, 8)   |        16384 |                0 |        0 |
| 67 | encoder.layer4.0.conv1        | Conv2d                | k=(3, 3), s=(2, 2), g=(1), dsc=(False), d=(1, 1) | (1, 256, 8, 8)   |        16384 | (1, 512, 4, 4)   |         8192 |          1179648 | 18874368 |
| 68 | encoder.layer4.0.bn1          | BatchNorm2d           |                                                  | (1, 512, 4, 4)   |         8192 | (1, 512, 4, 4)   |         8192 |                0 |        0 |
| 69 | encoder.layer4.0.drop_block   | Identity              |                                                  | (1, 512, 4, 4)   |         8192 | (1, 512, 4, 4)   |         8192 |                0 |        0 |
| 70 | encoder.layer4.0.act1         | ReLU                  |                                                  | (1, 512, 4, 4)   |         8192 | (1, 512, 4, 4)   |         8192 |                0 |        0 |
| 71 | encoder.layer4.0.aa           | Identity              |                                                  | (1, 512, 4, 4)   |         8192 | (1, 512, 4, 4)   |         8192 |                0 |        0 |
| 72 | encoder.layer4.0.conv2        | Conv2d                | k=(3, 3), s=(1, 1), g=(1), dsc=(False), d=(1, 1) | (1, 512, 4, 4)   |         8192 | (1, 512, 4, 4)   |         8192 |          2359296 | 37748736 |
| 73 | encoder.layer4.0.bn2          | BatchNorm2d           |                                                  | (1, 512, 4, 4)   |         8192 | (1, 512, 4, 4)   |         8192 |                0 |        0 |
| 74 | encoder.layer4.0.downsample.0 | Conv2d                | k=(1, 1), s=(2, 2), g=(1), dsc=(False), d=(1, 1) | (1, 256, 8, 8)   |        16384 | (1, 512, 4, 4)   |         8192 |           131072 |  2097152 |
| 75 | encoder.layer4.0.downsample.1 | BatchNorm2d           |                                                  | (1, 512, 4, 4)   |         8192 | (1, 512, 4, 4)   |         8192 |                0 |        0 |
| 76 | encoder.layer4.0.downsample   | Sequential            |                                                  | (1, 256, 8, 8)   |        16384 | (1, 512, 4, 4)   |         8192 |                0 |        0 |
| 77 | encoder.layer4.0.act2         | ReLU                  |                                                  | (1, 512, 4, 4)   |         8192 | (1, 512, 4, 4)   |         8192 |                0 |        0 |
| 78 | encoder.layer4.0              | BasicBlock            |                                                  | (1, 256, 8, 8)   |        16384 | (1, 512, 4, 4)   |         8192 |                0 |        0 |
| 79 | encoder.layer4.1.conv1        | Conv2d                | k=(3, 3), s=(1, 1), g=(1), dsc=(False), d=(1, 1) | (1, 512, 4, 4)   |         8192 | (1, 512, 4, 4)   |         8192 |          2359296 | 37748736 |
| 80 | encoder.layer4.1.bn1          | BatchNorm2d           |                                                  | (1, 512, 4, 4)   |         8192 | (1, 512, 4, 4)   |         8192 |                0 |        0 |
| 81 | encoder.layer4.1.drop_block   | Identity              |                                                  | (1, 512, 4, 4)   |         8192 | (1, 512, 4, 4)   |         8192 |                0 |        0 |
| 82 | encoder.layer4.1.act1         | ReLU                  |                                                  | (1, 512, 4, 4)   |         8192 | (1, 512, 4, 4)   |         8192 |                0 |        0 |
| 83 | encoder.layer4.1.aa           | Identity              |                                                  | (1, 512, 4, 4)   |         8192 | (1, 512, 4, 4)   |         8192 |                0 |        0 |
| 84 | encoder.layer4.1.conv2        | Conv2d                | k=(3, 3), s=(1, 1), g=(1), dsc=(False), d=(1, 1) | (1, 512, 4, 4)   |         8192 | (1, 512, 4, 4)   |         8192 |          2359296 | 37748736 |
| 85 | encoder.layer4.1.bn2          | BatchNorm2d           |                                                  | (1, 512, 4, 4)   |         8192 | (1, 512, 4, 4)   |         8192 |                0 |        0 |
| 86 | encoder.layer4.1.act2         | ReLU                  |                                                  | (1, 512, 4, 4)   |         8192 | (1, 512, 4, 4)   |         8192 |                0 |        0 |
| 87 | encoder.layer4.1              | BasicBlock            |                                                  | (1, 512, 4, 4)   |         8192 | (1, 512, 4, 4)   |         8192 |                0 |        0 |
| 88 | encoder.layer4                | Sequential            |                                                  | (1, 256, 8, 8)   |        16384 | (1, 512, 4, 4)   |         8192 |                0 |        0 |
| 89 | encoder.global_pool.pool      | Identity              |                                                  | (1, 512, 4, 4)   |         8192 | (1, 512, 4, 4)   |         8192 |                0 |        0 |
| 90 | encoder.global_pool.flatten   | Identity              |                                                  | (1, 512, 4, 4)   |         8192 | (1, 512, 4, 4)   |         8192 |                0 |        0 |
| 91 | encoder.global_pool           | SelectAdaptivePool2d  |                                                  | (1, 512, 4, 4)   |         8192 | (1, 512, 4, 4)   |         8192 |                0 |        0 |
| 92 | encoder.fc                    | Identity              |                                                  | (1, 512, 4, 4)   |         8192 | (1, 512, 4, 4)   |         8192 |                0 |        0 |
| 93 | encoder                       | ResNet                |                                                  | (1, 3, 32, 32)   |         3072 | (1, 512, 4, 4)   |         8192 |                0 |        0 |
| 94 | classifier.pooling            | AdaptiveAvgPool2d     |                                                  | (1, 512, 4, 4)   |         8192 | (1, 512, 1, 1)   |          512 |                0 |        0 |
| 95 | classifier.flatten            | Flatten               |                                                  | (1, 512, 1, 1)   |          512 | (1, 512)         |          512 |                0 |        0 |
| 96 | classifier.linear             | Linear                |                                                  | (1, 512)         |          512 | (1, 10)          |           10 |             5120 |     5120 |
| 97 | classifier                    | DefaultClassifierHead |                                                  | (1, 512, 4, 4)   |         8192 | (1, 10)          |           10 |                0 |        0 |
+----+-------------------------------+-----------------------+--------------------------------------------------+------------------+--------------+------------------+--------------+------------------+----------+
[2024-02-15 14:45:41,187][hannah.callbacks.summaries][INFO] - Total MACs: 555,422,720
[2024-02-15 14:45:41,187][hannah.callbacks.summaries][INFO] - Total Weights: 11,164,352
[2024-02-15 14:45:41,187][hannah.callbacks.summaries][INFO] - Total Activations: 2,813,972
[2024-02-15 14:45:41,187][hannah.callbacks.summaries][INFO] - Estimated Activations: 131,072
[2024-02-15 14:45:53,704][pytorch_lightning.utilities.rank_zero][INFO] - Epoch 0, global step 21: 'val_error' reached 0.80225 (best 0.80225), saving model to '/local/gerum/hannah/experiments/cifar10/trained_models/sweep_lr/resnet18/lr=0.2/checkpoints/epoch=0-step=21.ckpt' as top 1
[2024-02-15 14:46:06,656][pytorch_lightning.utilities.rank_zero][INFO] - Epoch 1, global step 42: 'val_error' reached 0.74316 (best 0.74316), saving model to '/local/gerum/hannah/experiments/cifar10/trained_models/sweep_lr/resnet18/lr=0.2/checkpoints/epoch=1-step=42.ckpt' as top 1
[2024-02-15 14:46:19,542][pytorch_lightning.utilities.rank_zero][INFO] - Epoch 2, global step 63: 'val_error' reached 0.68872 (best 0.68872), saving model to '/local/gerum/hannah/experiments/cifar10/trained_models/sweep_lr/resnet18/lr=0.2/checkpoints/epoch=2-step=63.ckpt' as top 1
[2024-02-15 14:46:32,275][pytorch_lightning.utilities.rank_zero][INFO] - Epoch 3, global step 84: 'val_error' reached 0.67090 (best 0.67090), saving model to '/local/gerum/hannah/experiments/cifar10/trained_models/sweep_lr/resnet18/lr=0.2/checkpoints/epoch=3-step=84.ckpt' as top 1
[2024-02-15 14:46:45,397][pytorch_lightning.utilities.rank_zero][INFO] - Epoch 4, global step 105: 'val_error' reached 0.66602 (best 0.66602), saving model to '/local/gerum/hannah/experiments/cifar10/trained_models/sweep_lr/resnet18/lr=0.2/checkpoints/epoch=4-step=105.ckpt' as top 1
[2024-02-15 14:46:58,298][pytorch_lightning.utilities.rank_zero][INFO] - Epoch 5, global step 126: 'val_error' reached 0.65869 (best 0.65869), saving model to '/local/gerum/hannah/experiments/cifar10/trained_models/sweep_lr/resnet18/lr=0.2/checkpoints/epoch=5-step=126.ckpt' as top 1
[2024-02-15 14:47:11,242][pytorch_lightning.utilities.rank_zero][INFO] - Epoch 6, global step 147: 'val_error' reached 0.62646 (best 0.62646), saving model to '/local/gerum/hannah/experiments/cifar10/trained_models/sweep_lr/resnet18/lr=0.2/checkpoints/epoch=6-step=147.ckpt' as top 1
[2024-02-15 14:47:24,486][pytorch_lightning.utilities.rank_zero][INFO] - Epoch 7, global step 168: 'val_error' reached 0.58838 (best 0.58838), saving model to '/local/gerum/hannah/experiments/cifar10/trained_models/sweep_lr/resnet18/lr=0.2/checkpoints/epoch=7-step=168.ckpt' as top 1
[2024-02-15 14:47:37,391][pytorch_lightning.utilities.rank_zero][INFO] - Epoch 8, global step 189: 'val_error' reached 0.56445 (best 0.56445), saving model to '/local/gerum/hannah/experiments/cifar10/trained_models/sweep_lr/resnet18/lr=0.2/checkpoints/epoch=8-step=189.ckpt' as top 1
[2024-02-15 14:47:50,456][pytorch_lightning.utilities.rank_zero][INFO] - Epoch 9, global step 210: 'val_error' reached 0.52661 (best 0.52661), saving model to '/local/gerum/hannah/experiments/cifar10/trained_models/sweep_lr/resnet18/lr=0.2/checkpoints/epoch=9-step=210.ckpt' as top 1
[2024-02-15 14:48:03,419][pytorch_lightning.utilities.rank_zero][INFO] - Epoch 10, global step 231: 'val_error' was not in top 1
[2024-02-15 14:48:16,065][pytorch_lightning.utilities.rank_zero][INFO] - Epoch 11, global step 252: 'val_error' reached 0.47998 (best 0.47998), saving model to '/local/gerum/hannah/experiments/cifar10/trained_models/sweep_lr/resnet18/lr=0.2/checkpoints/epoch=11-step=252.ckpt' as top 1
[2024-02-15 14:48:28,992][pytorch_lightning.utilities.rank_zero][INFO] - Epoch 12, global step 273: 'val_error' reached 0.45532 (best 0.45532), saving model to '/local/gerum/hannah/experiments/cifar10/trained_models/sweep_lr/resnet18/lr=0.2/checkpoints/epoch=12-step=273.ckpt' as top 1
[2024-02-15 14:48:41,909][pytorch_lightning.utilities.rank_zero][INFO] - Epoch 13, global step 294: 'val_error' was not in top 1
[2024-02-15 14:48:54,551][pytorch_lightning.utilities.rank_zero][INFO] - Epoch 14, global step 315: 'val_error' reached 0.43872 (best 0.43872), saving model to '/local/gerum/hannah/experiments/cifar10/trained_models/sweep_lr/resnet18/lr=0.2/checkpoints/epoch=14-step=315.ckpt' as top 1
[2024-02-15 14:49:07,527][pytorch_lightning.utilities.rank_zero][INFO] - Epoch 15, global step 336: 'val_error' was not in top 1
[2024-02-15 14:49:20,209][pytorch_lightning.utilities.rank_zero][INFO] - Epoch 16, global step 357: 'val_error' reached 0.37915 (best 0.37915), saving model to '/local/gerum/hannah/experiments/cifar10/trained_models/sweep_lr/resnet18/lr=0.2/checkpoints/epoch=16-step=357.ckpt' as top 1
[2024-02-15 14:49:33,171][pytorch_lightning.utilities.rank_zero][INFO] - Epoch 17, global step 378: 'val_error' reached 0.35742 (best 0.35742), saving model to '/local/gerum/hannah/experiments/cifar10/trained_models/sweep_lr/resnet18/lr=0.2/checkpoints/epoch=17-step=378.ckpt' as top 1
[2024-02-15 14:49:46,154][pytorch_lightning.utilities.rank_zero][INFO] - Epoch 18, global step 399: 'val_error' reached 0.35547 (best 0.35547), saving model to '/local/gerum/hannah/experiments/cifar10/trained_models/sweep_lr/resnet18/lr=0.2/checkpoints/epoch=18-step=399.ckpt' as top 1
[2024-02-15 14:49:58,850][pytorch_lightning.utilities.rank_zero][INFO] - Epoch 19, global step 420: 'val_error' was not in top 1
[2024-02-15 14:50:11,717][pytorch_lightning.utilities.rank_zero][INFO] - Epoch 20, global step 441: 'val_error' reached 0.34546 (best 0.34546), saving model to '/local/gerum/hannah/experiments/cifar10/trained_models/sweep_lr/resnet18/lr=0.2/checkpoints/epoch=20-step=441.ckpt' as top 1
[2024-02-15 14:50:24,706][pytorch_lightning.utilities.rank_zero][INFO] - Epoch 21, global step 462: 'val_error' reached 0.32935 (best 0.32935), saving model to '/local/gerum/hannah/experiments/cifar10/trained_models/sweep_lr/resnet18/lr=0.2/checkpoints/epoch=21-step=462.ckpt' as top 1
[2024-02-15 14:50:37,493][pytorch_lightning.utilities.rank_zero][INFO] - Epoch 22, global step 483: 'val_error' reached 0.28540 (best 0.28540), saving model to '/local/gerum/hannah/experiments/cifar10/trained_models/sweep_lr/resnet18/lr=0.2/checkpoints/epoch=22-step=483.ckpt' as top 1
[2024-02-15 14:50:50,535][pytorch_lightning.utilities.rank_zero][INFO] - Epoch 23, global step 504: 'val_error' was not in top 1
[2024-02-15 14:51:03,414][pytorch_lightning.utilities.rank_zero][INFO] - Epoch 24, global step 525: 'val_error' reached 0.26929 (best 0.26929), saving model to '/local/gerum/hannah/experiments/cifar10/trained_models/sweep_lr/resnet18/lr=0.2/checkpoints/epoch=24-step=525.ckpt' as top 1
[2024-02-15 14:51:16,080][pytorch_lightning.utilities.rank_zero][INFO] - Epoch 25, global step 546: 'val_error' reached 0.26709 (best 0.26709), saving model to '/local/gerum/hannah/experiments/cifar10/trained_models/sweep_lr/resnet18/lr=0.2/checkpoints/epoch=25-step=546.ckpt' as top 1
[2024-02-15 14:51:28,992][pytorch_lightning.utilities.rank_zero][INFO] - Epoch 26, global step 567: 'val_error' was not in top 1
[2024-02-15 14:51:41,602][pytorch_lightning.utilities.rank_zero][INFO] - Epoch 27, global step 588: 'val_error' reached 0.26343 (best 0.26343), saving model to '/local/gerum/hannah/experiments/cifar10/trained_models/sweep_lr/resnet18/lr=0.2/checkpoints/epoch=27-step=588.ckpt' as top 1
[2024-02-15 14:51:54,598][pytorch_lightning.utilities.rank_zero][INFO] - Epoch 28, global step 609: 'val_error' was not in top 1
[2024-02-15 14:52:07,432][pytorch_lightning.utilities.rank_zero][INFO] - Epoch 29, global step 630: 'val_error' reached 0.23682 (best 0.23682), saving model to '/local/gerum/hannah/experiments/cifar10/trained_models/sweep_lr/resnet18/lr=0.2/checkpoints/epoch=29-step=630.ckpt' as top 1
[2024-02-15 14:52:20,193][pytorch_lightning.utilities.rank_zero][INFO] - Epoch 30, global step 651: 'val_error' was not in top 1
[2024-02-15 14:52:33,038][pytorch_lightning.utilities.rank_zero][INFO] - Epoch 31, global step 672: 'val_error' reached 0.22021 (best 0.22021), saving model to '/local/gerum/hannah/experiments/cifar10/trained_models/sweep_lr/resnet18/lr=0.2/checkpoints/epoch=31-step=672.ckpt' as top 1
[2024-02-15 14:52:46,020][pytorch_lightning.utilities.rank_zero][INFO] - Epoch 32, global step 693: 'val_error' reached 0.20679 (best 0.20679), saving model to '/local/gerum/hannah/experiments/cifar10/trained_models/sweep_lr/resnet18/lr=0.2/checkpoints/epoch=32-step=693.ckpt' as top 1
[2024-02-15 14:52:58,820][pytorch_lightning.utilities.rank_zero][INFO] - Epoch 33, global step 714: 'val_error' reached 0.20093 (best 0.20093), saving model to '/local/gerum/hannah/experiments/cifar10/trained_models/sweep_lr/resnet18/lr=0.2/checkpoints/epoch=33-step=714.ckpt' as top 1
[2024-02-15 14:53:11,817][pytorch_lightning.utilities.rank_zero][INFO] - Epoch 34, global step 735: 'val_error' was not in top 1
[2024-02-15 14:53:24,437][pytorch_lightning.utilities.rank_zero][INFO] - Epoch 35, global step 756: 'val_error' reached 0.19385 (best 0.19385), saving model to '/local/gerum/hannah/experiments/cifar10/trained_models/sweep_lr/resnet18/lr=0.2/checkpoints/epoch=35-step=756.ckpt' as top 1
[2024-02-15 14:53:37,345][pytorch_lightning.utilities.rank_zero][INFO] - Epoch 36, global step 777: 'val_error' reached 0.19092 (best 0.19092), saving model to '/local/gerum/hannah/experiments/cifar10/trained_models/sweep_lr/resnet18/lr=0.2/checkpoints/epoch=36-step=777.ckpt' as top 1
[2024-02-15 14:53:50,212][pytorch_lightning.utilities.rank_zero][INFO] - Epoch 37, global step 798: 'val_error' reached 0.18848 (best 0.18848), saving model to '/local/gerum/hannah/experiments/cifar10/trained_models/sweep_lr/resnet18/lr=0.2/checkpoints/epoch=37-step=798.ckpt' as top 1
[2024-02-15 14:54:02,955][pytorch_lightning.utilities.rank_zero][INFO] - Epoch 38, global step 819: 'val_error' reached 0.16504 (best 0.16504), saving model to '/local/gerum/hannah/experiments/cifar10/trained_models/sweep_lr/resnet18/lr=0.2/checkpoints/epoch=38-step=819.ckpt' as top 1
[2024-02-15 14:54:15,870][pytorch_lightning.utilities.rank_zero][INFO] - Epoch 39, global step 840: 'val_error' was not in top 1
[2024-02-15 14:54:28,727][pytorch_lightning.utilities.rank_zero][INFO] - Epoch 40, global step 861: 'val_error' reached 0.15820 (best 0.15820), saving model to '/local/gerum/hannah/experiments/cifar10/trained_models/sweep_lr/resnet18/lr=0.2/checkpoints/epoch=40-step=861.ckpt' as top 1
[2024-02-15 14:54:41,471][pytorch_lightning.utilities.rank_zero][INFO] - Epoch 41, global step 882: 'val_error' reached 0.15454 (best 0.15454), saving model to '/local/gerum/hannah/experiments/cifar10/trained_models/sweep_lr/resnet18/lr=0.2/checkpoints/epoch=41-step=882.ckpt' as top 1
[2024-02-15 14:54:54,368][pytorch_lightning.utilities.rank_zero][INFO] - Epoch 42, global step 903: 'val_error' reached 0.14453 (best 0.14453), saving model to '/local/gerum/hannah/experiments/cifar10/trained_models/sweep_lr/resnet18/lr=0.2/checkpoints/epoch=42-step=903.ckpt' as top 1
[2024-02-15 14:55:07,258][pytorch_lightning.utilities.rank_zero][INFO] - Epoch 43, global step 924: 'val_error' reached 0.13940 (best 0.13940), saving model to '/local/gerum/hannah/experiments/cifar10/trained_models/sweep_lr/resnet18/lr=0.2/checkpoints/epoch=43-step=924.ckpt' as top 1
[2024-02-15 14:55:19,926][pytorch_lightning.utilities.rank_zero][INFO] - Epoch 44, global step 945: 'val_error' was not in top 1
[2024-02-15 14:55:32,661][pytorch_lightning.utilities.rank_zero][INFO] - Epoch 45, global step 966: 'val_error' reached 0.13672 (best 0.13672), saving model to '/local/gerum/hannah/experiments/cifar10/trained_models/sweep_lr/resnet18/lr=0.2/checkpoints/epoch=45-step=966.ckpt' as top 1
[2024-02-15 14:55:45,530][pytorch_lightning.utilities.rank_zero][INFO] - Epoch 46, global step 987: 'val_error' reached 0.12915 (best 0.12915), saving model to '/local/gerum/hannah/experiments/cifar10/trained_models/sweep_lr/resnet18/lr=0.2/checkpoints/epoch=46-step=987.ckpt' as top 1
[2024-02-15 14:55:58,206][pytorch_lightning.utilities.rank_zero][INFO] - Epoch 47, global step 1008: 'val_error' reached 0.12866 (best 0.12866), saving model to '/local/gerum/hannah/experiments/cifar10/trained_models/sweep_lr/resnet18/lr=0.2/checkpoints/epoch=47-step=1008.ckpt' as top 1
[2024-02-15 14:56:11,100][pytorch_lightning.utilities.rank_zero][INFO] - Epoch 48, global step 1029: 'val_error' reached 0.12573 (best 0.12573), saving model to '/local/gerum/hannah/experiments/cifar10/trained_models/sweep_lr/resnet18/lr=0.2/checkpoints/epoch=48-step=1029.ckpt' as top 1
[2024-02-15 14:56:24,019][pytorch_lightning.utilities.rank_zero][INFO] - Epoch 49, global step 1050: 'val_error' reached 0.12476 (best 0.12476), saving model to '/local/gerum/hannah/experiments/cifar10/trained_models/sweep_lr/resnet18/lr=0.2/checkpoints/epoch=49-step=1050.ckpt' as top 1
[2024-02-15 14:56:24,158][pytorch_lightning.utilities.rank_zero][INFO] - `Trainer.fit` stopped: `max_epochs=50` reached.
[2024-02-15 14:56:24,188][lightning.fabric.utilities.seed][INFO] - Seed set to 1234
[2024-02-15 14:56:24,188][py.warnings][WARNING] - /local/gerum/.cache/pypoetry/virtualenvs/hannah-8Yp6PnCx-py3.11/lib/python3.11/site-packages/pytorch_lightning/trainer/connectors/checkpoint_connector.py:145: `.validate(ckpt_path=None)` was called without a model. The best model of the previous `fit` call will be used. You can pass `.validate(ckpt_path='best')` to use the best model or `.validate(ckpt_path='last')` to use the last model. If you pass a value, this warning will be silenced.

[2024-02-15 14:56:24,190][pytorch_lightning.utilities.rank_zero][INFO] - Restoring states from the checkpoint path at /local/gerum/hannah/experiments/cifar10/trained_models/sweep_lr/resnet18/lr=0.2/checkpoints/epoch=49-step=1050.ckpt
[2024-02-15 14:56:24,235][pytorch_lightning.accelerators.cuda][INFO] - LOCAL_RANK: 0 - CUDA_VISIBLE_DEVICES: [0,1]
[2024-02-15 14:56:24,573][pytorch_lightning.utilities.rank_zero][INFO] - Loaded model weights from the checkpoint at /local/gerum/hannah/experiments/cifar10/trained_models/sweep_lr/resnet18/lr=0.2/checkpoints/epoch=49-step=1050.ckpt
[2024-02-15 14:56:24,842][lightning.fabric.utilities.seed][INFO] - Seed set to 1234
[2024-02-15 14:56:24,842][py.warnings][WARNING] - /local/gerum/.cache/pypoetry/virtualenvs/hannah-8Yp6PnCx-py3.11/lib/python3.11/site-packages/pytorch_lightning/trainer/connectors/checkpoint_connector.py:145: `.test(ckpt_path=None)` was called without a model. The best model of the previous `fit` call will be used. You can pass `.test(ckpt_path='best')` to use the best model or `.test(ckpt_path='last')` to use the last model. If you pass a value, this warning will be silenced.

[2024-02-15 14:56:24,844][pytorch_lightning.utilities.rank_zero][INFO] - Restoring states from the checkpoint path at /local/gerum/hannah/experiments/cifar10/trained_models/sweep_lr/resnet18/lr=0.2/checkpoints/epoch=49-step=1050.ckpt
[2024-02-15 14:56:24,890][pytorch_lightning.accelerators.cuda][INFO] - LOCAL_RANK: 0 - CUDA_VISIBLE_DEVICES: [0,1]
[2024-02-15 14:56:25,228][pytorch_lightning.utilities.rank_zero][INFO] - Loaded model weights from the checkpoint at /local/gerum/hannah/experiments/cifar10/trained_models/sweep_lr/resnet18/lr=0.2/checkpoints/epoch=49-step=1050.ckpt
[2024-02-15 14:56:25,231][py.warnings][WARNING] - /local/gerum/.cache/pypoetry/virtualenvs/hannah-8Yp6PnCx-py3.11/lib/python3.11/site-packages/pytorch_lightning/trainer/connectors/data_connector.py:441: The 'test_dataloader' does not have many workers which may be a bottleneck. Consider increasing the value of the `num_workers` argument` to `num_workers=191` in the `DataLoader` to improve performance.

[2024-02-15 14:56:25,691][hannah.callbacks.summaries][INFO] - 
+----+-------------------------------+-----------------------+--------------------------------------------------+------------------+--------------+------------------+--------------+------------------+----------+
|    | Name                          | Type                  | Attrs                                            | IFM              |   IFM volume | OFM              |   OFM volume |   Weights volume |     MACs |
|----+-------------------------------+-----------------------+--------------------------------------------------+------------------+--------------+------------------+--------------+------------------+----------|
|  0 | encoder.conv1                 | Conv2d                | k=(3, 3), s=(1, 1), g=(1), dsc=(False), d=(1, 1) | (1, 3, 32, 32)   |         3072 | (1, 64, 32, 32)  |        65536 |             1728 |  1769472 |
|  1 | encoder.bn1                   | BatchNorm2d           |                                                  | (1, 64, 32, 32)  |        65536 | (1, 64, 32, 32)  |        65536 |                0 |        0 |
|  2 | encoder.act1                  | ReLU                  |                                                  | (1, 64, 32, 32)  |        65536 | (1, 64, 32, 32)  |        65536 |                0 |        0 |
|  3 | encoder.maxpool               | Identity              |                                                  | (1, 64, 32, 32)  |        65536 | (1, 64, 32, 32)  |        65536 |                0 |        0 |
|  4 | encoder.layer1.0.conv1        | Conv2d                | k=(3, 3), s=(1, 1), g=(1), dsc=(False), d=(1, 1) | (1, 64, 32, 32)  |        65536 | (1, 64, 32, 32)  |        65536 |            36864 | 37748736 |
|  5 | encoder.layer1.0.bn1          | BatchNorm2d           |                                                  | (1, 64, 32, 32)  |        65536 | (1, 64, 32, 32)  |        65536 |                0 |        0 |
|  6 | encoder.layer1.0.drop_block   | Identity              |                                                  | (1, 64, 32, 32)  |        65536 | (1, 64, 32, 32)  |        65536 |                0 |        0 |
|  7 | encoder.layer1.0.act1         | ReLU                  |                                                  | (1, 64, 32, 32)  |        65536 | (1, 64, 32, 32)  |        65536 |                0 |        0 |
|  8 | encoder.layer1.0.aa           | Identity              |                                                  | (1, 64, 32, 32)  |        65536 | (1, 64, 32, 32)  |        65536 |                0 |        0 |
|  9 | encoder.layer1.0.conv2        | Conv2d                | k=(3, 3), s=(1, 1), g=(1), dsc=(False), d=(1, 1) | (1, 64, 32, 32)  |        65536 | (1, 64, 32, 32)  |        65536 |            36864 | 37748736 |
| 10 | encoder.layer1.0.bn2          | BatchNorm2d           |                                                  | (1, 64, 32, 32)  |        65536 | (1, 64, 32, 32)  |        65536 |                0 |        0 |
| 11 | encoder.layer1.0.act2         | ReLU                  |                                                  | (1, 64, 32, 32)  |        65536 | (1, 64, 32, 32)  |        65536 |                0 |        0 |
| 12 | encoder.layer1.0              | BasicBlock            |                                                  | (1, 64, 32, 32)  |        65536 | (1, 64, 32, 32)  |        65536 |                0 |        0 |
| 13 | encoder.layer1.1.conv1        | Conv2d                | k=(3, 3), s=(1, 1), g=(1), dsc=(False), d=(1, 1) | (1, 64, 32, 32)  |        65536 | (1, 64, 32, 32)  |        65536 |            36864 | 37748736 |
| 14 | encoder.layer1.1.bn1          | BatchNorm2d           |                                                  | (1, 64, 32, 32)  |        65536 | (1, 64, 32, 32)  |        65536 |                0 |        0 |
| 15 | encoder.layer1.1.drop_block   | Identity              |                                                  | (1, 64, 32, 32)  |        65536 | (1, 64, 32, 32)  |        65536 |                0 |        0 |
| 16 | encoder.layer1.1.act1         | ReLU                  |                                                  | (1, 64, 32, 32)  |        65536 | (1, 64, 32, 32)  |        65536 |                0 |        0 |
| 17 | encoder.layer1.1.aa           | Identity              |                                                  | (1, 64, 32, 32)  |        65536 | (1, 64, 32, 32)  |        65536 |                0 |        0 |
| 18 | encoder.layer1.1.conv2        | Conv2d                | k=(3, 3), s=(1, 1), g=(1), dsc=(False), d=(1, 1) | (1, 64, 32, 32)  |        65536 | (1, 64, 32, 32)  |        65536 |            36864 | 37748736 |
| 19 | encoder.layer1.1.bn2          | BatchNorm2d           |                                                  | (1, 64, 32, 32)  |        65536 | (1, 64, 32, 32)  |        65536 |                0 |        0 |
| 20 | encoder.layer1.1.act2         | ReLU                  |                                                  | (1, 64, 32, 32)  |        65536 | (1, 64, 32, 32)  |        65536 |                0 |        0 |
| 21 | encoder.layer1.1              | BasicBlock            |                                                  | (1, 64, 32, 32)  |        65536 | (1, 64, 32, 32)  |        65536 |                0 |        0 |
| 22 | encoder.layer1                | Sequential            |                                                  | (1, 64, 32, 32)  |        65536 | (1, 64, 32, 32)  |        65536 |                0 |        0 |
| 23 | encoder.layer2.0.conv1        | Conv2d                | k=(3, 3), s=(2, 2), g=(1), dsc=(False), d=(1, 1) | (1, 64, 32, 32)  |        65536 | (1, 128, 16, 16) |        32768 |            73728 | 18874368 |
| 24 | encoder.layer2.0.bn1          | BatchNorm2d           |                                                  | (1, 128, 16, 16) |        32768 | (1, 128, 16, 16) |        32768 |                0 |        0 |
| 25 | encoder.layer2.0.drop_block   | Identity              |                                                  | (1, 128, 16, 16) |        32768 | (1, 128, 16, 16) |        32768 |                0 |        0 |
| 26 | encoder.layer2.0.act1         | ReLU                  |                                                  | (1, 128, 16, 16) |        32768 | (1, 128, 16, 16) |        32768 |                0 |        0 |
| 27 | encoder.layer2.0.aa           | Identity              |                                                  | (1, 128, 16, 16) |        32768 | (1, 128, 16, 16) |        32768 |                0 |        0 |
| 28 | encoder.layer2.0.conv2        | Conv2d                | k=(3, 3), s=(1, 1), g=(1), dsc=(False), d=(1, 1) | (1, 128, 16, 16) |        32768 | (1, 128, 16, 16) |        32768 |           147456 | 37748736 |
| 29 | encoder.layer2.0.bn2          | BatchNorm2d           |                                                  | (1, 128, 16, 16) |        32768 | (1, 128, 16, 16) |        32768 |                0 |        0 |
| 30 | encoder.layer2.0.downsample.0 | Conv2d                | k=(1, 1), s=(2, 2), g=(1), dsc=(False), d=(1, 1) | (1, 64, 32, 32)  |        65536 | (1, 128, 16, 16) |        32768 |             8192 |  2097152 |
| 31 | encoder.layer2.0.downsample.1 | BatchNorm2d           |                                                  | (1, 128, 16, 16) |        32768 | (1, 128, 16, 16) |        32768 |                0 |        0 |
| 32 | encoder.layer2.0.downsample   | Sequential            |                                                  | (1, 64, 32, 32)  |        65536 | (1, 128, 16, 16) |        32768 |                0 |        0 |
| 33 | encoder.layer2.0.act2         | ReLU                  |                                                  | (1, 128, 16, 16) |        32768 | (1, 128, 16, 16) |        32768 |                0 |        0 |
| 34 | encoder.layer2.0              | BasicBlock            |                                                  | (1, 64, 32, 32)  |        65536 | (1, 128, 16, 16) |        32768 |                0 |        0 |
| 35 | encoder.layer2.1.conv1        | Conv2d                | k=(3, 3), s=(1, 1), g=(1), dsc=(False), d=(1, 1) | (1, 128, 16, 16) |        32768 | (1, 128, 16, 16) |        32768 |           147456 | 37748736 |
| 36 | encoder.layer2.1.bn1          | BatchNorm2d           |                                                  | (1, 128, 16, 16) |        32768 | (1, 128, 16, 16) |        32768 |                0 |        0 |
| 37 | encoder.layer2.1.drop_block   | Identity              |                                                  | (1, 128, 16, 16) |        32768 | (1, 128, 16, 16) |        32768 |                0 |        0 |
| 38 | encoder.layer2.1.act1         | ReLU                  |                                                  | (1, 128, 16, 16) |        32768 | (1, 128, 16, 16) |        32768 |                0 |        0 |
| 39 | encoder.layer2.1.aa           | Identity              |                                                  | (1, 128, 16, 16) |        32768 | (1, 128, 16, 16) |        32768 |                0 |        0 |
| 40 | encoder.layer2.1.conv2        | Conv2d                | k=(3, 3), s=(1, 1), g=(1), dsc=(False), d=(1, 1) | (1, 128, 16, 16) |        32768 | (1, 128, 16, 16) |        32768 |           147456 | 37748736 |
| 41 | encoder.layer2.1.bn2          | BatchNorm2d           |                                                  | (1, 128, 16, 16) |        32768 | (1, 128, 16, 16) |        32768 |                0 |        0 |
| 42 | encoder.layer2.1.act2         | ReLU                  |                                                  | (1, 128, 16, 16) |        32768 | (1, 128, 16, 16) |        32768 |                0 |        0 |
| 43 | encoder.layer2.1              | BasicBlock            |                                                  | (1, 128, 16, 16) |        32768 | (1, 128, 16, 16) |        32768 |                0 |        0 |
| 44 | encoder.layer2                | Sequential            |                                                  | (1, 64, 32, 32)  |        65536 | (1, 128, 16, 16) |        32768 |                0 |        0 |
| 45 | encoder.layer3.0.conv1        | Conv2d                | k=(3, 3), s=(2, 2), g=(1), dsc=(False), d=(1, 1) | (1, 128, 16, 16) |        32768 | (1, 256, 8, 8)   |        16384 |           294912 | 18874368 |
| 46 | encoder.layer3.0.bn1          | BatchNorm2d           |                                                  | (1, 256, 8, 8)   |        16384 | (1, 256, 8, 8)   |        16384 |                0 |        0 |
| 47 | encoder.layer3.0.drop_block   | Identity              |                                                  | (1, 256, 8, 8)   |        16384 | (1, 256, 8, 8)   |        16384 |                0 |        0 |
| 48 | encoder.layer3.0.act1         | ReLU                  |                                                  | (1, 256, 8, 8)   |        16384 | (1, 256, 8, 8)   |        16384 |                0 |        0 |
| 49 | encoder.layer3.0.aa           | Identity              |                                                  | (1, 256, 8, 8)   |        16384 | (1, 256, 8, 8)   |        16384 |                0 |        0 |
| 50 | encoder.layer3.0.conv2        | Conv2d                | k=(3, 3), s=(1, 1), g=(1), dsc=(False), d=(1, 1) | (1, 256, 8, 8)   |        16384 | (1, 256, 8, 8)   |        16384 |           589824 | 37748736 |
| 51 | encoder.layer3.0.bn2          | BatchNorm2d           |                                                  | (1, 256, 8, 8)   |        16384 | (1, 256, 8, 8)   |        16384 |                0 |        0 |
| 52 | encoder.layer3.0.downsample.0 | Conv2d                | k=(1, 1), s=(2, 2), g=(1), dsc=(False), d=(1, 1) | (1, 128, 16, 16) |        32768 | (1, 256, 8, 8)   |        16384 |            32768 |  2097152 |
| 53 | encoder.layer3.0.downsample.1 | BatchNorm2d           |                                                  | (1, 256, 8, 8)   |        16384 | (1, 256, 8, 8)   |        16384 |                0 |        0 |
| 54 | encoder.layer3.0.downsample   | Sequential            |                                                  | (1, 128, 16, 16) |        32768 | (1, 256, 8, 8)   |        16384 |                0 |        0 |
| 55 | encoder.layer3.0.act2         | ReLU                  |                                                  | (1, 256, 8, 8)   |        16384 | (1, 256, 8, 8)   |        16384 |                0 |        0 |
| 56 | encoder.layer3.0              | BasicBlock            |                                                  | (1, 128, 16, 16) |        32768 | (1, 256, 8, 8)   |        16384 |                0 |        0 |
| 57 | encoder.layer3.1.conv1        | Conv2d                | k=(3, 3), s=(1, 1), g=(1), dsc=(False), d=(1, 1) | (1, 256, 8, 8)   |        16384 | (1, 256, 8, 8)   |        16384 |           589824 | 37748736 |
| 58 | encoder.layer3.1.bn1          | BatchNorm2d           |                                                  | (1, 256, 8, 8)   |        16384 | (1, 256, 8, 8)   |        16384 |                0 |        0 |
| 59 | encoder.layer3.1.drop_block   | Identity              |                                                  | (1, 256, 8, 8)   |        16384 | (1, 256, 8, 8)   |        16384 |                0 |        0 |
| 60 | encoder.layer3.1.act1         | ReLU                  |                                                  | (1, 256, 8, 8)   |        16384 | (1, 256, 8, 8)   |        16384 |                0 |        0 |
| 61 | encoder.layer3.1.aa           | Identity              |                                                  | (1, 256, 8, 8)   |        16384 | (1, 256, 8, 8)   |        16384 |                0 |        0 |
| 62 | encoder.layer3.1.conv2        | Conv2d                | k=(3, 3), s=(1, 1), g=(1), dsc=(False), d=(1, 1) | (1, 256, 8, 8)   |        16384 | (1, 256, 8, 8)   |        16384 |           589824 | 37748736 |
| 63 | encoder.layer3.1.bn2          | BatchNorm2d           |                                                  | (1, 256, 8, 8)   |        16384 | (1, 256, 8, 8)   |        16384 |                0 |        0 |
| 64 | encoder.layer3.1.act2         | ReLU                  |                                                  | (1, 256, 8, 8)   |        16384 | (1, 256, 8, 8)   |        16384 |                0 |        0 |
| 65 | encoder.layer3.1              | BasicBlock            |                                                  | (1, 256, 8, 8)   |        16384 | (1, 256, 8, 8)   |        16384 |                0 |        0 |
| 66 | encoder.layer3                | Sequential            |                                                  | (1, 128, 16, 16) |        32768 | (1, 256, 8, 8)   |        16384 |                0 |        0 |
| 67 | encoder.layer4.0.conv1        | Conv2d                | k=(3, 3), s=(2, 2), g=(1), dsc=(False), d=(1, 1) | (1, 256, 8, 8)   |        16384 | (1, 512, 4, 4)   |         8192 |          1179648 | 18874368 |
| 68 | encoder.layer4.0.bn1          | BatchNorm2d           |                                                  | (1, 512, 4, 4)   |         8192 | (1, 512, 4, 4)   |         8192 |                0 |        0 |
| 69 | encoder.layer4.0.drop_block   | Identity              |                                                  | (1, 512, 4, 4)   |         8192 | (1, 512, 4, 4)   |         8192 |                0 |        0 |
| 70 | encoder.layer4.0.act1         | ReLU                  |                                                  | (1, 512, 4, 4)   |         8192 | (1, 512, 4, 4)   |         8192 |                0 |        0 |
| 71 | encoder.layer4.0.aa           | Identity              |                                                  | (1, 512, 4, 4)   |         8192 | (1, 512, 4, 4)   |         8192 |                0 |        0 |
| 72 | encoder.layer4.0.conv2        | Conv2d                | k=(3, 3), s=(1, 1), g=(1), dsc=(False), d=(1, 1) | (1, 512, 4, 4)   |         8192 | (1, 512, 4, 4)   |         8192 |          2359296 | 37748736 |
| 73 | encoder.layer4.0.bn2          | BatchNorm2d           |                                                  | (1, 512, 4, 4)   |         8192 | (1, 512, 4, 4)   |         8192 |                0 |        0 |
| 74 | encoder.layer4.0.downsample.0 | Conv2d                | k=(1, 1), s=(2, 2), g=(1), dsc=(False), d=(1, 1) | (1, 256, 8, 8)   |        16384 | (1, 512, 4, 4)   |         8192 |           131072 |  2097152 |
| 75 | encoder.layer4.0.downsample.1 | BatchNorm2d           |                                                  | (1, 512, 4, 4)   |         8192 | (1, 512, 4, 4)   |         8192 |                0 |        0 |
| 76 | encoder.layer4.0.downsample   | Sequential            |                                                  | (1, 256, 8, 8)   |        16384 | (1, 512, 4, 4)   |         8192 |                0 |        0 |
| 77 | encoder.layer4.0.act2         | ReLU                  |                                                  | (1, 512, 4, 4)   |         8192 | (1, 512, 4, 4)   |         8192 |                0 |        0 |
| 78 | encoder.layer4.0              | BasicBlock            |                                                  | (1, 256, 8, 8)   |        16384 | (1, 512, 4, 4)   |         8192 |                0 |        0 |
| 79 | encoder.layer4.1.conv1        | Conv2d                | k=(3, 3), s=(1, 1), g=(1), dsc=(False), d=(1, 1) | (1, 512, 4, 4)   |         8192 | (1, 512, 4, 4)   |         8192 |          2359296 | 37748736 |
| 80 | encoder.layer4.1.bn1          | BatchNorm2d           |                                                  | (1, 512, 4, 4)   |         8192 | (1, 512, 4, 4)   |         8192 |                0 |        0 |
| 81 | encoder.layer4.1.drop_block   | Identity              |                                                  | (1, 512, 4, 4)   |         8192 | (1, 512, 4, 4)   |         8192 |                0 |        0 |
| 82 | encoder.layer4.1.act1         | ReLU                  |                                                  | (1, 512, 4, 4)   |         8192 | (1, 512, 4, 4)   |         8192 |                0 |        0 |
| 83 | encoder.layer4.1.aa           | Identity              |                                                  | (1, 512, 4, 4)   |         8192 | (1, 512, 4, 4)   |         8192 |                0 |        0 |
| 84 | encoder.layer4.1.conv2        | Conv2d                | k=(3, 3), s=(1, 1), g=(1), dsc=(False), d=(1, 1) | (1, 512, 4, 4)   |         8192 | (1, 512, 4, 4)   |         8192 |          2359296 | 37748736 |
| 85 | encoder.layer4.1.bn2          | BatchNorm2d           |                                                  | (1, 512, 4, 4)   |         8192 | (1, 512, 4, 4)   |         8192 |                0 |        0 |
| 86 | encoder.layer4.1.act2         | ReLU                  |                                                  | (1, 512, 4, 4)   |         8192 | (1, 512, 4, 4)   |         8192 |                0 |        0 |
| 87 | encoder.layer4.1              | BasicBlock            |                                                  | (1, 512, 4, 4)   |         8192 | (1, 512, 4, 4)   |         8192 |                0 |        0 |
| 88 | encoder.layer4                | Sequential            |                                                  | (1, 256, 8, 8)   |        16384 | (1, 512, 4, 4)   |         8192 |                0 |        0 |
| 89 | encoder.global_pool.pool      | Identity              |                                                  | (1, 512, 4, 4)   |         8192 | (1, 512, 4, 4)   |         8192 |                0 |        0 |
| 90 | encoder.global_pool.flatten   | Identity              |                                                  | (1, 512, 4, 4)   |         8192 | (1, 512, 4, 4)   |         8192 |                0 |        0 |
| 91 | encoder.global_pool           | SelectAdaptivePool2d  |                                                  | (1, 512, 4, 4)   |         8192 | (1, 512, 4, 4)   |         8192 |                0 |        0 |
| 92 | encoder.fc                    | Identity              |                                                  | (1, 512, 4, 4)   |         8192 | (1, 512, 4, 4)   |         8192 |                0 |        0 |
| 93 | encoder                       | ResNet                |                                                  | (1, 3, 32, 32)   |         3072 | (1, 512, 4, 4)   |         8192 |                0 |        0 |
| 94 | classifier.pooling            | AdaptiveAvgPool2d     |                                                  | (1, 512, 4, 4)   |         8192 | (1, 512, 1, 1)   |          512 |                0 |        0 |
| 95 | classifier.flatten            | Flatten               |                                                  | (1, 512, 1, 1)   |          512 | (1, 512)         |          512 |                0 |        0 |
| 96 | classifier.linear             | Linear                |                                                  | (1, 512)         |          512 | (1, 10)          |           10 |             5120 |     5120 |
| 97 | classifier                    | DefaultClassifierHead |                                                  | (1, 512, 4, 4)   |         8192 | (1, 10)          |           10 |                0 |        0 |
+----+-------------------------------+-----------------------+--------------------------------------------------+------------------+--------------+------------------+--------------+------------------+----------+
[2024-02-15 14:56:25,692][hannah.callbacks.summaries][INFO] - Total MACs: 555,422,720
[2024-02-15 14:56:25,692][hannah.callbacks.summaries][INFO] - Total Weights: 11,164,352
[2024-02-15 14:56:25,692][hannah.callbacks.summaries][INFO] - Total Activations: 2,813,972
[2024-02-15 14:56:25,692][hannah.callbacks.summaries][INFO] - Estimated Activations: 131,072
[2024-02-15 14:56:25,692][hannah.datasets.base][WARNING] - Datasets class names contain classes that are longer than the recommended lenght of 5 characters, consider implementing class_names_abbreviated in your dataset
[2024-02-15 14:56:25,693][hannah.datasets.base][WARNING] - Datasets class names contain classes that are longer than the recommended lenght of 5 characters, consider implementing class_names_abbreviated in your dataset
[2024-02-15 14:56:25,929][hannah.datasets.base][WARNING] - Datasets class names contain classes that are longer than the recommended lenght of 5 characters, consider implementing class_names_abbreviated in your dataset
[2024-02-15 14:56:26,030][hannah.datasets.base][WARNING] - Datasets class names contain classes that are longer than the recommended lenght of 5 characters, consider implementing class_names_abbreviated in your dataset
[2024-02-15 14:56:26,169][hannah.train][INFO] - Averaged Result Metrics:
| Metric               |     Mean |   Std |   Count |
|----------------------|----------|-------|---------|
| test_classifier_loss | 0.374499 |     0 |       1 |
| test_accuracy        | 0.874634 |     0 |       1 |
| test_error           | 0.125366 |     0 |       1 |
| test_f1              | 0.874608 |     0 |       1 |
| test_precision       | 0.874359 |     0 |       1 |
| test_recall          | 0.875072 |     0 |       1 |
| test_loss            | 0.374499 |     0 |       1 |
[2024-02-15 14:56:26,179][hannah.train][INFO] - Averaged Result Metrics:
| Metric              |     Mean |   Std |   Count |
|---------------------|----------|-------|---------|
| val_classifier_loss | 0.39423  |     0 |       1 |
| val_accuracy        | 0.875244 |     0 |       1 |
| val_error           | 0.124756 |     0 |       1 |
| val_f1              | 0.874328 |     0 |       1 |
| val_precision       | 0.87499  |     0 |       1 |
| val_recall          | 0.874282 |     0 |       1 |
| val_loss            | 0.39423  |     0 |       1 |
